{"meta": {"format": 3, "version": "7.10.7", "timestamp": "2025-10-13T11:02:32.702341", "branch_coverage": false, "show_contexts": false}, "files": {"roadmap/__init__.py": {"executed_lines": [1, 3, 5, 6, 7, 8, 9, 10, 12], "summary": {"covered_lines": 8, "num_statements": 8, "percent_covered": 100.0, "percent_covered_display": "100", "missing_lines": 0, "excluded_lines": 0}, "missing_lines": [], "excluded_lines": [], "functions": {"": {"executed_lines": [1, 3, 5, 6, 7, 8, 9, 10, 12], "summary": {"covered_lines": 8, "num_statements": 8, "percent_covered": 100.0, "percent_covered_display": "100", "missing_lines": 0, "excluded_lines": 0}, "missing_lines": [], "excluded_lines": []}}, "classes": {"": {"executed_lines": [1, 3, 5, 6, 7, 8, 9, 10, 12], "summary": {"covered_lines": 8, "num_statements": 8, "percent_covered": 100.0, "percent_covered_display": "100", "missing_lines": 0, "excluded_lines": 0}, "missing_lines": [], "excluded_lines": []}}}, "roadmap/analytics.py": {"executed_lines": [1, 3, 4, 5, 6, 7, 8, 9, 10, 12, 13, 14, 17, 18, 19, 21, 22, 23, 24, 25, 26, 27, 28, 31, 32, 33, 35, 36, 37, 38, 39, 40, 41, 42, 43, 46, 47, 48, 50, 51, 52, 53, 54, 55, 58, 59, 61, 62, 63, 65, 69, 70, 73, 74, 78, 81, 84, 85, 86, 89, 90, 91, 92, 96, 97, 98, 99, 101, 106, 114, 117, 121, 132, 136, 137, 139, 142, 143, 152, 154, 155, 158, 161, 162, 176, 177, 180, 187, 203, 205, 207, 209, 210, 213, 214, 217, 220, 221, 222, 223, 224, 228, 232, 235, 240, 243, 248, 250, 259, 261, 262, 264, 265, 268, 277, 286, 296, 297, 298, 301, 306, 307, 313, 329, 331, 332, 333, 335, 344, 345, 346, 349, 350, 354, 356, 357, 359, 363, 366, 367, 368, 369, 370, 371, 374, 392, 393, 394, 397, 398, 399, 401, 403, 407, 408, 411, 412, 413, 416, 417, 419, 420, 421, 422, 425, 426, 427, 429, 431, 435, 438, 439, 441, 442, 444, 445, 447, 453, 458, 459, 460, 463, 467, 469, 473, 474, 476, 477, 479, 480, 483, 485, 486, 488, 490, 494, 497, 498, 499, 502, 503, 507, 508, 509, 512, 513, 514, 516, 518, 523, 524, 525, 526, 529, 534, 535, 542, 552, 556, 559, 560, 564, 570, 571, 572, 577, 578, 579, 582, 587, 588, 592, 594, 603, 606, 609, 612, 614, 616, 620, 622, 623, 627, 628, 632, 633, 637, 640, 641, 643, 644, 646, 648, 649, 650, 651, 654, 655, 658, 660, 661, 662, 663, 664, 677, 703, 704, 709, 713, 717, 718, 719, 721], "summary": {"covered_lines": 267, "num_statements": 288, "percent_covered": 92.70833333333333, "percent_covered_display": "93", "missing_lines": 21, "excluded_lines": 0}, "missing_lines": [144, 145, 146, 147, 149, 225, 226, 229, 484, 504, 536, 537, 538, 539, 540, 565, 583, 674, 675, 714, 715], "excluded_lines": [], "functions": {"GitHistoryAnalyzer.__init__": {"executed_lines": [62, 63], "summary": {"covered_lines": 2, "num_statements": 2, "percent_covered": 100.0, "percent_covered_display": "100", "missing_lines": 0, "excluded_lines": 0}, "missing_lines": [], "excluded_lines": []}, "GitHistoryAnalyzer.analyze_developer_productivity": {"executed_lines": [69, 70, 73, 74, 78, 81, 84, 85, 86, 89, 90, 91, 92, 96, 97, 98, 99, 101, 106, 114, 117, 121], "summary": {"covered_lines": 22, "num_statements": 22, "percent_covered": 100.0, "percent_covered_display": "100", "missing_lines": 0, "excluded_lines": 0}, "missing_lines": [], "excluded_lines": []}, "GitHistoryAnalyzer.analyze_project_velocity": {"executed_lines": [136, 137, 139, 142, 143, 152, 154, 155, 158, 161, 162, 176, 177, 180, 187, 203, 205], "summary": {"covered_lines": 17, "num_statements": 22, "percent_covered": 77.27272727272727, "percent_covered_display": "77", "missing_lines": 5, "excluded_lines": 0}, "missing_lines": [144, 145, 146, 147, 149], "excluded_lines": []}, "GitHistoryAnalyzer.generate_team_insights": {"executed_lines": [209, 210, 213, 214, 217, 220, 221, 222, 223, 224, 228, 232, 235, 240, 243, 248, 250], "summary": {"covered_lines": 17, "num_statements": 20, "percent_covered": 85.0, "percent_covered_display": "85", "missing_lines": 3, "excluded_lines": 0}, "missing_lines": [225, 226, 229], "excluded_lines": []}, "GitHistoryAnalyzer.analyze_code_quality_trends": {"executed_lines": [261, 262, 264, 265, 268, 277, 286, 296, 297, 298, 301, 306, 307, 313], "summary": {"covered_lines": 14, "num_statements": 14, "percent_covered": 100.0, "percent_covered_display": "100", "missing_lines": 0, "excluded_lines": 0}, "missing_lines": [], "excluded_lines": []}, "GitHistoryAnalyzer._analyze_commit_frequency": {"executed_lines": [331, 332, 333], "summary": {"covered_lines": 3, "num_statements": 3, "percent_covered": 100.0, "percent_covered_display": "100", "missing_lines": 0, "excluded_lines": 0}, "missing_lines": [], "excluded_lines": []}, "GitHistoryAnalyzer._calculate_productivity_score": {"executed_lines": [344, 345, 346, 349, 350, 354, 356, 357], "summary": {"covered_lines": 8, "num_statements": 8, "percent_covered": 100.0, "percent_covered_display": "100", "missing_lines": 0, "excluded_lines": 0}, "missing_lines": [], "excluded_lines": []}, "GitHistoryAnalyzer._analyze_specialization": {"executed_lines": [363, 366, 367, 368, 369, 370, 371, 374, 392, 393, 394, 397, 398, 399, 401], "summary": {"covered_lines": 15, "num_statements": 15, "percent_covered": 100.0, "percent_covered_display": "100", "missing_lines": 0, "excluded_lines": 0}, "missing_lines": [], "excluded_lines": []}, "GitHistoryAnalyzer._calculate_collaboration_score": {"executed_lines": [407, 408, 411, 412, 413, 416, 417, 419, 420, 421, 422, 425, 426, 427, 429], "summary": {"covered_lines": 15, "num_statements": 15, "percent_covered": 100.0, "percent_covered_display": "100", "missing_lines": 0, "excluded_lines": 0}, "missing_lines": [], "excluded_lines": []}, "GitHistoryAnalyzer._get_commits_in_period": {"executed_lines": [435, 438, 444, 445, 447], "summary": {"covered_lines": 5, "num_statements": 5, "percent_covered": 100.0, "percent_covered_display": "100", "missing_lines": 0, "excluded_lines": 0}, "missing_lines": [], "excluded_lines": []}, "GitHistoryAnalyzer._get_commits_in_period.normalize_datetime": {"executed_lines": [439, 441, 442], "summary": {"covered_lines": 3, "num_statements": 3, "percent_covered": 100.0, "percent_covered_display": "100", "missing_lines": 0, "excluded_lines": 0}, "missing_lines": [], "excluded_lines": []}, "GitHistoryAnalyzer._calculate_velocity_score": {"executed_lines": [458, 459, 460, 463, 467], "summary": {"covered_lines": 5, "num_statements": 5, "percent_covered": 100.0, "percent_covered_display": "100", "missing_lines": 0, "excluded_lines": 0}, "missing_lines": [], "excluded_lines": []}, "GitHistoryAnalyzer._determine_trend_direction": {"executed_lines": [473, 474, 476, 477, 479, 480, 483, 485, 486, 488], "summary": {"covered_lines": 10, "num_statements": 11, "percent_covered": 90.9090909090909, "percent_covered_display": "91", "missing_lines": 1, "excluded_lines": 0}, "missing_lines": [484], "excluded_lines": []}, "GitHistoryAnalyzer._identify_bottlenecks": {"executed_lines": [494, 497, 498, 499, 502, 503, 507, 508, 509, 512, 513, 514, 516], "summary": {"covered_lines": 13, "num_statements": 14, "percent_covered": 92.85714285714286, "percent_covered_display": "93", "missing_lines": 1, "excluded_lines": 0}, "missing_lines": [504], "excluded_lines": []}, "GitHistoryAnalyzer._analyze_collaboration_patterns": {"executed_lines": [523, 524, 525, 526, 529, 534, 535, 542], "summary": {"covered_lines": 8, "num_statements": 13, "percent_covered": 61.53846153846154, "percent_covered_display": "62", "missing_lines": 5, "excluded_lines": 0}, "missing_lines": [536, 537, 538, 539, 540], "excluded_lines": []}, "GitHistoryAnalyzer._generate_recommendations": {"executed_lines": [556, 559, 560, 564, 570, 571, 572, 577, 578, 579, 582, 587, 588, 592], "summary": {"covered_lines": 14, "num_statements": 16, "percent_covered": 87.5, "percent_covered_display": "88", "missing_lines": 2, "excluded_lines": 0}, "missing_lines": [565, 583], "excluded_lines": []}, "GitHistoryAnalyzer._calculate_quality_score": {"executed_lines": [603, 606, 609, 612, 614], "summary": {"covered_lines": 5, "num_statements": 5, "percent_covered": 100.0, "percent_covered_display": "100", "missing_lines": 0, "excluded_lines": 0}, "missing_lines": [], "excluded_lines": []}, "GitHistoryAnalyzer._get_quality_recommendations": {"executed_lines": [620, 622, 623, 627, 628, 632, 633, 637], "summary": {"covered_lines": 8, "num_statements": 8, "percent_covered": 100.0, "percent_covered_display": "100", "missing_lines": 0, "excluded_lines": 0}, "missing_lines": [], "excluded_lines": []}, "AnalyticsReportGenerator.__init__": {"executed_lines": [644], "summary": {"covered_lines": 1, "num_statements": 1, "percent_covered": 100.0, "percent_covered_display": "100", "missing_lines": 0, "excluded_lines": 0}, "missing_lines": [], "excluded_lines": []}, "AnalyticsReportGenerator.generate_team_report": {"executed_lines": [648, 649, 650, 651, 654, 655, 658, 660, 661, 662, 663, 664, 677, 703, 704], "summary": {"covered_lines": 15, "num_statements": 17, "percent_covered": 88.23529411764706, "percent_covered_display": "88", "missing_lines": 2, "excluded_lines": 0}, "missing_lines": [674, 675], "excluded_lines": []}, "AnalyticsReportGenerator.save_report_to_file": {"executed_lines": [713, 717, 718, 719, 721], "summary": {"covered_lines": 5, "num_statements": 7, "percent_covered": 71.42857142857143, "percent_covered_display": "71", "missing_lines": 2, "excluded_lines": 0}, "missing_lines": [714, 715], "excluded_lines": []}, "": {"executed_lines": [1, 3, 4, 5, 6, 7, 8, 9, 10, 12, 13, 14, 17, 18, 19, 21, 22, 23, 24, 25, 26, 27, 28, 31, 32, 33, 35, 36, 37, 38, 39, 40, 41, 42, 43, 46, 47, 48, 50, 51, 52, 53, 54, 55, 58, 59, 61, 65, 132, 207, 259, 329, 335, 359, 403, 431, 453, 469, 490, 518, 552, 594, 616, 640, 641, 643, 646, 709], "summary": {"covered_lines": 62, "num_statements": 62, "percent_covered": 100.0, "percent_covered_display": "100", "missing_lines": 0, "excluded_lines": 0}, "missing_lines": [], "excluded_lines": []}}, "classes": {"DeveloperMetrics": {"executed_lines": [], "summary": {"covered_lines": 0, "num_statements": 0, "percent_covered": 100.0, "percent_covered_display": "100", "missing_lines": 0, "excluded_lines": 0}, "missing_lines": [], "excluded_lines": []}, "ProjectVelocity": {"executed_lines": [], "summary": {"covered_lines": 0, "num_statements": 0, "percent_covered": 100.0, "percent_covered_display": "100", "missing_lines": 0, "excluded_lines": 0}, "missing_lines": [], "excluded_lines": []}, "TeamInsights": {"executed_lines": [], "summary": {"covered_lines": 0, "num_statements": 0, "percent_covered": 100.0, "percent_covered_display": "100", "missing_lines": 0, "excluded_lines": 0}, "missing_lines": [], "excluded_lines": []}, "GitHistoryAnalyzer": {"executed_lines": [62, 63, 69, 70, 73, 74, 78, 81, 84, 85, 86, 89, 90, 91, 92, 96, 97, 98, 99, 101, 106, 114, 117, 121, 136, 137, 139, 142, 143, 152, 154, 155, 158, 161, 162, 176, 177, 180, 187, 203, 205, 209, 210, 213, 214, 217, 220, 221, 222, 223, 224, 228, 232, 235, 240, 243, 248, 250, 261, 262, 264, 265, 268, 277, 286, 296, 297, 298, 301, 306, 307, 313, 331, 332, 333, 344, 345, 346, 349, 350, 354, 356, 357, 363, 366, 367, 368, 369, 370, 371, 374, 392, 393, 394, 397, 398, 399, 401, 407, 408, 411, 412, 413, 416, 417, 419, 420, 421, 422, 425, 426, 427, 429, 435, 438, 439, 441, 442, 444, 445, 447, 458, 459, 460, 463, 467, 473, 474, 476, 477, 479, 480, 483, 485, 486, 488, 494, 497, 498, 499, 502, 503, 507, 508, 509, 512, 513, 514, 516, 523, 524, 525, 526, 529, 534, 535, 542, 556, 559, 560, 564, 570, 571, 572, 577, 578, 579, 582, 587, 588, 592, 603, 606, 609, 612, 614, 620, 622, 623, 627, 628, 632, 633, 637], "summary": {"covered_lines": 184, "num_statements": 201, "percent_covered": 91.54228855721394, "percent_covered_display": "92", "missing_lines": 17, "excluded_lines": 0}, "missing_lines": [144, 145, 146, 147, 149, 225, 226, 229, 484, 504, 536, 537, 538, 539, 540, 565, 583], "excluded_lines": []}, "AnalyticsReportGenerator": {"executed_lines": [644, 648, 649, 650, 651, 654, 655, 658, 660, 661, 662, 663, 664, 677, 703, 704, 713, 717, 718, 719, 721], "summary": {"covered_lines": 21, "num_statements": 25, "percent_covered": 84.0, "percent_covered_display": "84", "missing_lines": 4, "excluded_lines": 0}, "missing_lines": [674, 675, 714, 715], "excluded_lines": []}, "": {"executed_lines": [1, 3, 4, 5, 6, 7, 8, 9, 10, 12, 13, 14, 17, 18, 19, 21, 22, 23, 24, 25, 26, 27, 28, 31, 32, 33, 35, 36, 37, 38, 39, 40, 41, 42, 43, 46, 47, 48, 50, 51, 52, 53, 54, 55, 58, 59, 61, 65, 132, 207, 259, 329, 335, 359, 403, 431, 453, 469, 490, 518, 552, 594, 616, 640, 641, 643, 646, 709], "summary": {"covered_lines": 62, "num_statements": 62, "percent_covered": 100.0, "percent_covered_display": "100", "missing_lines": 0, "excluded_lines": 0}, "missing_lines": [], "excluded_lines": []}}}, "roadmap/bulk_operations.py": {"executed_lines": [1, 3, 4, 5, 6, 7, 8, 10, 11, 12, 15, 16, 18, 19, 20, 21, 22, 23, 24, 25, 26, 28, 32, 33, 42, 44, 45, 46, 55, 59, 61, 63, 64, 66, 67, 70, 71, 73, 75, 77, 79, 93, 94, 96, 97, 98, 100, 104, 106, 108, 109, 111, 113, 116, 117, 119, 120, 121, 124, 125, 128, 134, 135, 147, 155, 156, 158, 162, 164, 166, 167, 171, 174, 175, 176, 177, 178, 195, 196, 198, 206, 208, 210, 211, 216, 223, 226, 227, 229, 232, 233, 236, 240, 241, 243, 246, 247, 250, 251, 257, 260, 261, 267, 268, 279, 284, 292, 293, 295, 299, 308, 310, 311, 314, 315, 317, 331, 334, 335, 336, 337, 341, 342, 344, 347, 356, 357, 362, 364, 374, 376, 378, 381, 382, 388, 391, 392, 394, 395, 403, 404, 405, 408, 409, 410, 413, 414, 416, 417, 420, 421, 431, 432, 444, 453, 463, 464, 468], "summary": {"covered_lines": 155, "num_statements": 187, "percent_covered": 82.88770053475936, "percent_covered_display": "83", "missing_lines": 32, "excluded_lines": 0}, "missing_lines": [57, 68, 74, 149, 150, 152, 153, 169, 186, 187, 189, 190, 192, 193, 213, 277, 286, 287, 289, 290, 338, 359, 360, 385, 386, 399, 425, 442, 457, 458, 460, 461], "excluded_lines": [], "functions": {"BulkOperationResult.__init__": {"executed_lines": [19, 20, 21, 22, 23, 24, 25, 26], "summary": {"covered_lines": 8, "num_statements": 8, "percent_covered": 100.0, "percent_covered_display": "100", "missing_lines": 0, "excluded_lines": 0}, "missing_lines": [], "excluded_lines": []}, "BulkOperationResult.add_success": {"executed_lines": [32, 33], "summary": {"covered_lines": 2, "num_statements": 2, "percent_covered": 100.0, "percent_covered_display": "100", "missing_lines": 0, "excluded_lines": 0}, "missing_lines": [], "excluded_lines": []}, "BulkOperationResult.add_failure": {"executed_lines": [44, 45, 46], "summary": {"covered_lines": 3, "num_statements": 3, "percent_covered": 100.0, "percent_covered_display": "100", "missing_lines": 0, "excluded_lines": 0}, "missing_lines": [], "excluded_lines": []}, "BulkOperationResult.add_warning": {"executed_lines": [], "summary": {"covered_lines": 0, "num_statements": 1, "percent_covered": 0.0, "percent_covered_display": "0", "missing_lines": 1, "excluded_lines": 0}, "missing_lines": [57], "excluded_lines": []}, "BulkOperationResult.finalize": {"executed_lines": [61], "summary": {"covered_lines": 1, "num_statements": 1, "percent_covered": 100.0, "percent_covered_display": "100", "missing_lines": 0, "excluded_lines": 0}, "missing_lines": [], "excluded_lines": []}, "BulkOperationResult.duration": {"executed_lines": [66, 67], "summary": {"covered_lines": 2, "num_statements": 3, "percent_covered": 66.66666666666667, "percent_covered_display": "67", "missing_lines": 1, "excluded_lines": 0}, "missing_lines": [68], "excluded_lines": []}, "BulkOperationResult.success_rate": {"executed_lines": [73, 75], "summary": {"covered_lines": 2, "num_statements": 3, "percent_covered": 66.66666666666667, "percent_covered_display": "67", "missing_lines": 1, "excluded_lines": 0}, "missing_lines": [74], "excluded_lines": []}, "BulkOperationResult.to_dict": {"executed_lines": [79], "summary": {"covered_lines": 1, "num_statements": 1, "percent_covered": 100.0, "percent_covered_display": "100", "missing_lines": 0, "excluded_lines": 0}, "missing_lines": [], "excluded_lines": []}, "BulkOperations.__init__": {"executed_lines": [97, 98], "summary": {"covered_lines": 2, "num_statements": 2, "percent_covered": 100.0, "percent_covered_display": "100", "missing_lines": 0, "excluded_lines": 0}, "missing_lines": [], "excluded_lines": []}, "BulkOperations.validate_directory": {"executed_lines": [104, 106, 108, 109, 111, 113, 116, 117, 119, 120, 121, 124, 125, 128, 134, 135, 147, 155, 156], "summary": {"covered_lines": 19, "num_statements": 23, "percent_covered": 82.6086956521739, "percent_covered_display": "83", "missing_lines": 4, "excluded_lines": 0}, "missing_lines": [149, 150, 152, 153], "excluded_lines": []}, "BulkOperations.backup_directory": {"executed_lines": [162, 164, 166, 167, 171, 174, 175, 176, 177, 178, 195, 196], "summary": {"covered_lines": 12, "num_statements": 19, "percent_covered": 63.1578947368421, "percent_covered_display": "63", "missing_lines": 7, "excluded_lines": 0}, "missing_lines": [169, 186, 187, 189, 190, 192, 193], "excluded_lines": []}, "BulkOperations.convert_format": {"executed_lines": [206, 208, 210, 211, 216, 223, 226, 227, 229, 232, 233, 236, 240, 241, 243, 246, 247, 250, 251, 257, 260, 261, 267, 268, 279, 284, 292, 293], "summary": {"covered_lines": 28, "num_statements": 34, "percent_covered": 82.3529411764706, "percent_covered_display": "82", "missing_lines": 6, "excluded_lines": 0}, "missing_lines": [213, 277, 286, 287, 289, 290], "excluded_lines": []}, "BulkOperations.generate_comprehensive_report": {"executed_lines": [299, 308, 310, 311, 314, 315, 317, 331, 334, 335, 336, 337, 341, 342, 344, 347, 356, 357, 362], "summary": {"covered_lines": 19, "num_statements": 22, "percent_covered": 86.36363636363636, "percent_covered_display": "86", "missing_lines": 3, "excluded_lines": 0}, "missing_lines": [338, 359, 360], "excluded_lines": []}, "BulkOperations.batch_update_field": {"executed_lines": [374, 376, 378, 381, 382, 388, 391, 392, 394, 395, 403, 404, 405, 408, 409, 410, 413, 414, 416, 417, 420, 421, 431, 432, 444, 453, 463, 464], "summary": {"covered_lines": 28, "num_statements": 37, "percent_covered": 75.67567567567568, "percent_covered_display": "76", "missing_lines": 9, "excluded_lines": 0}, "missing_lines": [385, 386, 399, 425, 442, 457, 458, 460, 461], "excluded_lines": []}, "": {"executed_lines": [1, 3, 4, 5, 6, 7, 8, 10, 11, 12, 15, 16, 18, 28, 42, 55, 59, 63, 64, 70, 71, 77, 93, 94, 96, 100, 158, 198, 295, 364, 468], "summary": {"covered_lines": 28, "num_statements": 28, "percent_covered": 100.0, "percent_covered_display": "100", "missing_lines": 0, "excluded_lines": 0}, "missing_lines": [], "excluded_lines": []}}, "classes": {"BulkOperationResult": {"executed_lines": [19, 20, 21, 22, 23, 24, 25, 26, 32, 33, 44, 45, 46, 61, 66, 67, 73, 75, 79], "summary": {"covered_lines": 19, "num_statements": 22, "percent_covered": 86.36363636363636, "percent_covered_display": "86", "missing_lines": 3, "excluded_lines": 0}, "missing_lines": [57, 68, 74], "excluded_lines": []}, "BulkOperations": {"executed_lines": [97, 98, 104, 106, 108, 109, 111, 113, 116, 117, 119, 120, 121, 124, 125, 128, 134, 135, 147, 155, 156, 162, 164, 166, 167, 171, 174, 175, 176, 177, 178, 195, 196, 206, 208, 210, 211, 216, 223, 226, 227, 229, 232, 233, 236, 240, 241, 243, 246, 247, 250, 251, 257, 260, 261, 267, 268, 279, 284, 292, 293, 299, 308, 310, 311, 314, 315, 317, 331, 334, 335, 336, 337, 341, 342, 344, 347, 356, 357, 362, 374, 376, 378, 381, 382, 388, 391, 392, 394, 395, 403, 404, 405, 408, 409, 410, 413, 414, 416, 417, 420, 421, 431, 432, 444, 453, 463, 464], "summary": {"covered_lines": 108, "num_statements": 137, "percent_covered": 78.83211678832117, "percent_covered_display": "79", "missing_lines": 29, "excluded_lines": 0}, "missing_lines": [149, 150, 152, 153, 169, 186, 187, 189, 190, 192, 193, 213, 277, 286, 287, 289, 290, 338, 359, 360, 385, 386, 399, 425, 442, 457, 458, 460, 461], "excluded_lines": []}, "": {"executed_lines": [1, 3, 4, 5, 6, 7, 8, 10, 11, 12, 15, 16, 18, 28, 42, 55, 59, 63, 64, 70, 71, 77, 93, 94, 96, 100, 158, 198, 295, 364, 468], "summary": {"covered_lines": 28, "num_statements": 28, "percent_covered": 100.0, "percent_covered_display": "100", "missing_lines": 0, "excluded_lines": 0}, "missing_lines": [], "excluded_lines": []}}}, "roadmap/cli.py": {"executed_lines": [1, 3, 4, 5, 6, 7, 8, 9, 10, 11, 12, 14, 15, 16, 17, 18, 19, 20, 22, 23, 24, 25, 26, 27, 28, 29, 37, 38, 40, 43, 44, 45, 46, 48, 51, 54, 55, 56, 59, 62, 63, 69, 73, 77, 81, 86, 91, 96, 102, 103, 125, 127, 128, 131, 134, 135, 137, 139, 140, 141, 144, 145, 146, 147, 148, 149, 150, 153, 154, 157, 160, 161, 164, 167, 168, 174, 176, 177, 179, 184, 186, 188, 190, 196, 198, 239, 240, 243, 263, 266, 277, 289, 298, 299, 302, 305, 308, 309, 310, 313, 315, 317, 324, 327, 328, 331, 341, 344, 361, 394, 420, 451, 473, 486, 489, 628, 631, 632, 633, 636, 637, 638, 639, 640, 641, 642, 643, 645, 646, 647, 652, 654, 655, 657, 658, 659, 660, 663, 665, 666, 667, 668, 669, 672, 673, 675, 676, 677, 679, 684, 685, 686, 687, 689, 692, 693, 696, 703, 704, 706, 708, 714, 716, 718, 719, 729, 735, 737, 740, 741, 742, 746, 748, 756, 758, 760, 761, 762, 765, 768, 770, 771, 772, 773, 776, 777, 778, 779, 780, 783, 784, 786, 787, 789, 791, 795, 797, 800, 801, 823, 824, 827, 829, 830, 837, 838, 840, 843, 848, 851, 852, 854, 856, 857, 864, 868, 871, 874, 877, 878, 879, 889, 901, 902, 903, 909, 921, 922, 924, 927, 928, 938, 939, 944, 945, 946, 947, 948, 957, 960, 962, 964, 968, 969, 970, 974, 975, 976, 981, 984, 987, 988, 993, 998, 999, 1000, 1002, 1004, 1010, 1012, 1022, 1024, 1033, 1035, 1036, 1042, 1043, 1044, 1047, 1048, 1049, 1051, 1053, 1059, 1060, 1061, 1066, 1068, 1073, 1079, 1080, 1081, 1082, 1083, 1085, 1087, 1093, 1094, 1096, 1098, 1099, 1105, 1107, 1108, 1111, 1114, 1115, 1152, 1153, 1185, 1186, 1191, 1203, 1204, 1208, 1211, 1213, 1217, 1218, 1220, 1221, 1225, 1226, 1228, 1229, 1231, 1233, 1237, 1241, 1242, 1243, 1246, 1249, 1250, 1251, 1253, 1254, 1255, 1260, 1269, 1272, 1275, 1276, 1279, 1281, 1282, 1284, 1287, 1288, 1289, 1291, 1292, 1293, 1295, 1296, 1299, 1300, 1301, 1316, 1317, 1319, 1324, 1325, 1336, 1341, 1342, 1353, 1354, 1365, 1367, 1370, 1372, 1376, 1377, 1380, 1381, 1383, 1384, 1385, 1386, 1389, 1390, 1393, 1394, 1400, 1403, 1404, 1406, 1413, 1418, 1419, 1421, 1424, 1425, 1426, 1427, 1428, 1431, 1432, 1440, 1442, 1448, 1449, 1450, 1451, 1452, 1455, 1458, 1464, 1465, 1468, 1469, 1470, 1472, 1475, 1479, 1481, 1482, 1484, 1485, 1491, 1504, 1505, 1506, 1507, 1509, 1511, 1517, 1518, 1519, 1520, 1521, 1523, 1524, 1525, 1528, 1529, 1532, 1533, 1534, 1537, 1538, 1539, 1543, 1544, 1546, 1547, 1549, 1551, 1557, 1558, 1564, 1565, 1566, 1571, 1573, 1579, 1581, 1582, 1586, 1590, 1593, 1625, 1626, 1628, 1649, 1650, 1652, 1656, 1664, 1665, 1666, 1667, 1668, 1670, 1672, 1678, 1679, 1680, 1683, 1691, 1692, 1696, 1701, 1703, 1706, 1708, 1710, 1719, 1720, 1723, 1726, 1731, 1733, 1738, 1740, 1746, 1747, 1748, 1751, 1752, 1753, 1757, 1759, 1765, 1766, 1768, 1770, 1773, 1779, 1780, 1781, 1784, 1785, 1786, 1787, 1795, 1797, 1803, 1804, 1805, 1806, 1807, 1809, 1810, 1814, 1818, 1820, 1833, 1834, 1835, 1836, 1837, 1839, 1841, 1847, 1848, 1849, 1855, 1857, 1859, 1860, 1861, 1863, 1864, 1867, 1869, 1870, 1872, 1873, 1874, 1875, 1878, 1879, 1880, 1882, 1883, 1884, 1888, 1890, 1892, 1893, 1897, 1900, 1903, 1904, 1906, 1907, 1908, 1909, 1910, 1911, 1912, 1914, 1920, 1927, 1928, 1930, 1934, 1937, 1941, 1944, 1945, 1947, 1948, 1949, 1953, 1954, 1956, 1961, 1962, 1963, 1964, 1965, 1966, 1968, 1969, 1970, 1972, 1974, 1975, 1976, 1979, 1980, 1984, 1985, 1986, 1988, 2001, 2009, 2010, 2012, 2014, 2015, 2018, 2028, 2031, 2033, 2036, 2038, 2040, 2043, 2051, 2060, 2061, 2065, 2066, 2068, 2071, 2073, 2074, 2079, 2080, 2085, 2086, 2099, 2101, 2104, 2107, 2108, 2109, 2112, 2113, 2115, 2125, 2126, 2129, 2130, 2136, 2144, 2147, 2151, 2154, 2155, 2156, 2157, 2159, 2162, 2164, 2165, 2168, 2169, 2170, 2173, 2174, 2179, 2184, 2188, 2191, 2192, 2194, 2206, 2222, 2236, 2240, 2242, 2243, 2244, 2250, 2253, 2254, 2256, 2259, 2262, 2264, 2265, 2266, 2268, 2272, 2275, 2276, 2277, 2280, 2282, 2283, 2285, 2286, 2289, 2290, 2291, 2294, 2296, 2298, 2301, 2307, 2308, 2309, 2312, 2313, 2316, 2317, 2319, 2320, 2322, 2323, 2324, 2326, 2327, 2329, 2330, 2331, 2350, 2351, 2353, 2354, 2355, 2358, 2359, 2361, 2362, 2367, 2368, 2369, 2370, 2372, 2373, 2375, 2378, 2386, 2399, 2400, 2405, 2406, 2413, 2418, 2456, 2457, 2462, 2467, 2515, 2516, 2520, 2594, 2595, 2599, 2603, 2607, 2670, 2671, 2675, 2681, 2686, 2691, 2765, 2766, 2767, 2774, 2800, 2801, 2805, 2810, 2892, 2893, 2898, 2904, 2908, 2933, 2934, 2936, 2939, 2940, 2941, 2948, 2956, 2957, 2958, 2959, 2962, 2963, 2964, 2965, 2970, 2971, 2986, 2988, 2989, 2992, 2994, 2996, 2997, 2998, 2999, 3000, 3005, 3006, 3007, 3008, 3009, 3010, 3013, 3024, 3025, 3026, 3027, 3028, 3029, 3030, 3031, 3032, 3033, 3036, 3038, 3042, 3043, 3044, 3045, 3046, 3047, 3048, 3053, 3058, 3059, 3061, 3062, 3063, 3066, 3067, 3068, 3069, 3074, 3075, 3076, 3079, 3080, 3081, 3087, 3093, 3094, 3108, 3110, 3111, 3114, 3116, 3118, 3119, 3120, 3123, 3125, 3126, 3127, 3131, 3134, 3135, 3136, 3137, 3138, 3139, 3141, 3143, 3144, 3145, 3147, 3148, 3149, 3152, 3156, 3157, 3158, 3159, 3161, 3162, 3165, 3166, 3169, 3170, 3171, 3173, 3174, 3175, 3177, 3178, 3179, 3181, 3182, 3183, 3186, 3187, 3188, 3191, 3194, 3195, 3196, 3198, 3199, 3200, 3201, 3202, 3203, 3204, 3205, 3206, 3208, 3209, 3216, 3224, 3244, 3247, 3249, 3250, 3256, 3258, 3260, 3262, 3263, 3267, 3269, 3270, 3274, 3275, 3279, 3286, 3287, 3288, 3289, 3290, 3291, 3292, 3294, 3295, 3296, 3297, 3299, 3300, 3303, 3309, 3310, 3314, 3315, 3318, 3319, 3320, 3326, 3332, 3333, 3334, 3335, 3336, 3337, 3348, 3350, 3351, 3354, 3356, 3357, 3358, 3359, 3360, 3361, 3362, 3363, 3364, 3366, 3368, 3369, 3372, 3374, 3376, 3377, 3378, 3380, 3388, 3390, 3391, 3396, 3397, 3398, 3399, 3401, 3402, 3403, 3404, 3406, 3407, 3408, 3409, 3410, 3411, 3413, 3415, 3418, 3419, 3427, 3428, 3429, 3430, 3431, 3436, 3437, 3448, 3450, 3451, 3454, 3456, 3458, 3459, 3460, 3461, 3464, 3470, 3489, 3491, 3492, 3493, 3496, 3498, 3499, 3501, 3502, 3504, 3536, 3545, 3546, 3547, 3548, 3549, 3554, 3555, 3558, 3559, 3560, 3563, 3564, 3575, 3577, 3578, 3581, 3584, 3585, 3586, 3587, 3588, 3589, 3590, 3591, 3592, 3593, 3594, 3601, 3602, 3603, 3607, 3612, 3613, 3614, 3615, 3616, 3622, 3624, 3625, 3628, 3630, 3632, 3633, 3634, 3635, 3638, 3644, 3645, 3646, 3647, 3648, 3649, 3650, 3661, 3662, 3663, 3666, 3667, 3696, 3776, 3881, 3926, 3927, 3928, 3929, 3930, 3939, 3940, 3941, 3942, 3943, 3945, 3947, 3953, 3955, 3968, 3971, 3972, 3977, 3984, 3985, 3986, 3989, 3997, 3998, 3999, 4000, 4001, 4003, 4005, 4011, 4013, 4026, 4029, 4030, 4035, 4042, 4043, 4044, 4047, 4050, 4051, 4052, 4053, 4056, 4074, 4075, 4076, 4077, 4078, 4080, 4082, 4088, 4094, 4096, 4097, 4102, 4104, 4105, 4106, 4109, 4111, 4118, 4119, 4131, 4132, 4133, 4134, 4135, 4182, 4183, 4184, 4185, 4186, 4222, 4223, 4225, 4228, 4229, 4230, 4231, 4232, 4233, 4235, 4237, 4238, 4241, 4244, 4245, 4257, 4258, 4261, 4262, 4263, 4268, 4269, 4270, 4273, 4274, 4275, 4277, 4279, 4280, 4283, 4285, 4286, 4288, 4289, 4290, 4294, 4296, 4297, 4298, 4299, 4300, 4301, 4302, 4305, 4307, 4308, 4309, 4310, 4313, 4316, 4326, 4335, 4336, 4337, 4340, 4341, 4342, 4343, 4344, 4346, 4348, 4349, 4352, 4354, 4355, 4356, 4361, 4369, 4370, 4371, 4373, 4375, 4376, 4379, 4381, 4382, 4385, 4386, 4388, 4389, 4390, 4391, 4392, 4393, 4396, 4397, 4398, 4399, 4400, 4402, 4403, 4410, 4416, 4419, 4420, 4421, 4422, 4424, 4425, 4426, 4427, 4429, 4430, 4431, 4439, 4443, 4451, 4452, 4453, 4456, 4457, 4469, 4471, 4472, 4475, 4478, 4479, 4480, 4481, 4482, 4483, 4484, 4485, 4490, 4491, 4502, 4506, 4507, 4508, 4512, 4516, 4521, 4522, 4523, 4524, 4527, 4530, 4531, 4539, 4541, 4547, 4548, 4549, 4550, 4551, 4553, 4556, 4557, 4560, 4561, 4563, 4564, 4565, 4567, 4568, 4570, 4571, 4572, 4576, 4579, 4584, 4585, 4589, 4592, 4593, 4594, 4595, 4596, 4597, 4598, 4601, 4602, 4605, 4606, 4607, 4610, 4611, 4612, 4618, 4631, 4632, 4634, 4637, 4638, 4639, 4640, 4645, 4646, 4648, 4650, 4651, 4654, 4656, 4657, 4658, 4661, 4662, 4663, 4664, 4665, 4666, 4674, 4675, 4676, 4678, 4682, 4686, 4687, 4690, 4691, 4693, 4694, 4697, 4698, 4702, 4705, 4706, 4707, 4708, 4710, 4713, 4714, 4715, 4716, 4717, 4720, 4721, 4722, 4725, 4727, 4730, 4731, 4732, 4740, 4741, 4742, 4744, 4746, 4747, 4750, 4752, 4753, 4754, 4756, 4757, 4758, 4760, 4766, 4767, 4768, 4770, 4772, 4773, 4776, 4778, 4779, 4780, 4782, 4783, 4786, 4787, 4790, 4793, 4794, 4796, 4797, 4798, 4804, 4805, 4809, 4810, 4814, 4821, 4824, 4825, 4831, 4833, 4834, 4837, 4838, 4839, 4841, 4843, 4849, 4850, 4851, 4853, 4854, 4855, 4863, 4864, 4865, 4866, 4867, 4869, 4871, 4872, 4875, 4877, 4878, 4879, 4881, 4882, 4886, 4888, 4891, 4892, 4896, 4897, 4898, 4900, 4901, 4902, 4905, 4906, 4907, 4909, 4910, 4911, 4914, 4915, 4916, 4919, 4920, 4921, 4923, 4924, 4925, 4929, 4930, 4935, 4940, 4941, 4944, 4945, 4946, 4947, 4952, 4957, 4962, 4963, 4972, 4974, 4975, 4978, 4980, 4981, 4982, 4984, 4985, 4989, 4992, 4993, 4997, 5003, 5004, 5006, 5007, 5010, 5085, 5089, 5090, 5091, 5093, 5094, 5095, 5098, 5099, 5100, 5102, 5103, 5104, 5107, 5108, 5109, 5112, 5113, 5114, 5116, 5117, 5118, 5122, 5123, 5128, 5134, 5135, 5136, 5137, 5143, 5146, 5147, 5159, 5161, 5162, 5165, 5167, 5168, 5171, 5173, 5178, 5180, 5182, 5183, 5187, 5190, 5191, 5195, 5196, 5197, 5198, 5202, 5206, 5208, 5209, 5211, 5218, 5219, 5223, 5224, 5225, 5226, 5232, 5233, 5238, 5239, 5240, 5241, 5243, 5246, 5247, 5250, 5251, 5253, 5256, 5257, 5258, 5259, 5352, 5353, 5354, 5355, 5356, 5362, 5364, 5370, 5372, 5373, 5375, 5376, 5380, 5440, 5441, 5442, 5443, 5444, 5498, 5499, 5500, 5501, 5504, 5505, 5549, 5550, 5555, 5556, 5563, 5566, 5573, 5574, 5575, 5582, 5583, 5643, 5644, 5651, 5652, 5653, 5654, 5655, 5656, 5708, 5709, 5716, 5717, 5724, 5725, 5726, 5771, 5810, 5852, 5895, 6013, 6049, 6190, 6236, 6301, 6302, 6304, 6307, 6308, 6309, 6311, 6313, 6314, 6317, 6319, 6320, 6321, 6323, 6331, 6335, 6337, 6338, 6341, 6343, 6344, 6347, 6348, 6349, 6351, 6353, 6359, 6360, 6362, 6370, 6371, 6373, 6374, 6379, 6380, 6388, 6392, 6398, 6399, 6400, 6402, 6404, 6410, 6411, 6412, 6414, 6415, 6417, 6418, 6419, 6420, 6421, 6422, 6423, 6424, 6425, 6427, 6462, 6465, 6466, 6467, 6468, 6474, 6475, 6482, 6483, 6493, 6494, 6499, 6500, 6505, 6506, 6507, 6508, 6515, 6522, 6523, 6564, 6565, 6566, 6567, 6601, 6705, 6765, 6789, 6895, 6906, 6922, 6965, 7022, 7023, 7024, 7031, 7038, 7045, 7046, 7053, 7054, 7137, 7138, 7145, 7146, 7147, 7173, 7300, 7418, 7419, 7420, 7422, 7424, 7430, 7431, 7433, 7437, 7438, 7441, 7444, 7451, 7452, 7456, 7457, 7467, 7470, 7471, 7488, 7489, 7490, 7494, 7511, 7512, 7513, 7516, 7517, 7519, 7521, 7527, 7531, 7532, 7533, 7537, 7538, 7545, 7547, 7548, 7549, 7550, 7551, 7554, 7555, 7556, 7564, 7565, 7566, 7567, 7569, 7571, 7577, 7581, 7582, 7583, 7587, 7588, 7592, 7594, 7595, 7598, 7606, 7607, 7608, 7609, 7610, 7675, 7676, 7677, 7678, 7737, 7738, 7745, 7746, 7814, 7815, 7816, 7842, 7843, 7850, 7851, 7936, 7937, 7938, 7965, 7966, 7969, 7970, 8033, 8034, 8039, 8040, 8041, 8044, 8045, 8046, 8172, 8173, 8176, 8177, 8184, 8185, 8349, 8350, 8357, 8364, 8365, 8366, 8461, 8462, 8465, 8466, 8562, 8563, 8570, 8577, 8578, 8585, 8586, 8876, 8877, 8882, 8883, 8884, 8885, 8886, 8887, 8888, 9046, 9047, 9050, 9056, 9057, 9058, 9226, 9227, 9228, 9231, 9232, 9233, 9410, 9411, 9412, 9413, 9414, 9600, 9606, 9670, 9671, 9683, 9684, 9691, 9694, 9695, 9701, 9707, 9708, 9709, 9710, 9711, 9712, 9713, 9714, 9715, 9835, 9836, 9843, 9846, 9849, 9850, 9851, 9852, 9937, 9938, 9945, 9948, 9955, 9958, 9959, 10106, 10107, 10112, 10113, 10120, 10127, 10130, 10131, 10132, 10133, 10204, 10205, 10212, 10215, 10216, 10217, 10275, 10276, 10283, 10286, 10293, 10294, 10350, 10351, 10358, 10361, 10362, 10417, 10418, 10425, 10428, 10429, 10483, 10484, 10487, 10488, 10489, 10559, 10560, 10566, 10573, 10579, 10580, 10824, 10825, 10827, 10830, 10833, 10834, 10835, 10841, 10846, 10853, 10858, 10863, 10869, 10875, 10886, 10887, 10888, 10889, 10891, 10894, 10897, 10898, 10900, 10901, 10902, 10903, 10904, 10905, 10907, 10908, 10909, 10915, 10916, 10919, 10920, 10924, 10927, 10930, 10932, 10946, 10947, 10948, 10951, 10954, 10957, 10958, 10959, 10960, 10963, 10964, 10965, 10971, 10972, 10974, 10975, 10977, 10978, 10979, 10980, 10981, 10982, 10983, 10984, 10985, 10987, 10988, 10991, 10992, 10997, 11001, 11006, 11008, 11009, 11010, 11012, 11017, 11019, 11020, 11021, 11024, 11025, 11026, 11027, 11029, 11030, 11031, 11032, 11033, 11034, 11037, 11039, 11041, 11042, 11044, 11056, 11061, 11062, 11063, 11064, 11065, 11066, 11068, 11069, 11077, 11078, 11084, 11085, 11086, 11087, 11088, 11089, 11090, 11091, 11092, 11093, 11094, 11095, 11096, 11110, 11111, 11112, 11114, 11115, 11118, 11119, 11120, 11121, 11122, 11124, 11129, 11130, 11134, 11135, 11139, 11140, 11141, 11144, 11147, 11151, 11155, 11156, 11157, 11159, 11160, 11161, 11163, 11172, 11181, 11186, 11188, 11194, 11195, 11196, 11197, 11198, 11201, 11207, 11210, 11213, 11214, 11216, 11217, 11218, 11219, 11227, 11228, 11229, 11235, 11242, 11248, 11250, 11251, 11253, 11255, 11256, 11258, 11259, 11260, 11261, 11263, 11268, 11269, 11270, 11271, 11272, 11273, 11274, 11277, 11278, 11279, 11280, 11281, 11282, 11284, 11285, 11287, 11291, 11292, 11295, 11296, 11297, 11299, 11300, 11303, 11304, 11305, 11306, 11308, 11309, 11310, 11313, 11314, 11315, 11316, 11317, 11319, 11324, 11325, 11326, 11327, 11328, 11329, 11330, 11331, 11332, 11335, 11342, 11343, 11350], "summary": {"covered_lines": 2204, "num_statements": 5459, "percent_covered": 40.37369481590035, "percent_covered_display": "40", "missing_lines": 3255, "excluded_lines": 0}, "missing_lines": [142, 169, 180, 181, 200, 206, 207, 209, 211, 212, 213, 214, 216, 218, 219, 220, 223, 224, 230, 231, 232, 233, 235, 236, 244, 245, 246, 247, 248, 249, 250, 251, 252, 253, 254, 255, 256, 257, 258, 259, 260, 261, 278, 279, 280, 286, 290, 291, 292, 293, 342, 362, 395, 421, 492, 494, 495, 496, 497, 498, 499, 500, 502, 503, 504, 506, 507, 508, 511, 512, 514, 515, 516, 517, 518, 519, 521, 522, 523, 526, 527, 528, 530, 531, 533, 536, 537, 540, 541, 542, 543, 544, 545, 546, 548, 551, 552, 553, 554, 555, 558, 559, 560, 561, 562, 564, 566, 567, 568, 569, 570, 574, 575, 576, 579, 581, 582, 583, 585, 588, 602, 603, 605, 608, 609, 610, 611, 612, 614, 616, 617, 618, 619, 620, 621, 622, 623, 625, 648, 649, 650, 651, 661, 662, 670, 671, 680, 681, 682, 709, 712, 720, 724, 727, 731, 732, 743, 788, 790, 802, 804, 805, 809, 810, 812, 813, 817, 818, 820, 839, 841, 869, 887, 890, 894, 895, 904, 905, 906, 907, 910, 914, 915, 916, 953, 963, 965, 982, 1005, 1008, 1013, 1014, 1015, 1019, 1025, 1026, 1027, 1028, 1031, 1038, 1039, 1054, 1057, 1062, 1063, 1069, 1075, 1076, 1088, 1091, 1101, 1102, 1116, 1117, 1118, 1120, 1125, 1138, 1139, 1159, 1166, 1167, 1168, 1214, 1215, 1234, 1256, 1257, 1312, 1313, 1373, 1374, 1395, 1396, 1398, 1443, 1446, 1500, 1501, 1512, 1515, 1560, 1561, 1574, 1587, 1594, 1596, 1597, 1598, 1599, 1600, 1601, 1604, 1609, 1611, 1612, 1613, 1614, 1615, 1616, 1621, 1622, 1629, 1635, 1636, 1639, 1640, 1645, 1653, 1660, 1661, 1673, 1676, 1684, 1697, 1698, 1742, 1743, 1760, 1763, 1775, 1776, 1798, 1801, 1815, 1816, 1822, 1823, 1824, 1825, 1829, 1830, 1842, 1845, 1851, 1852, 1915, 1916, 1917, 1918, 1921, 1922, 1923, 1924, 1951, 1957, 1958, 2019, 2020, 2021, 2022, 2025, 2034, 2063, 2092, 2102, 2116, 2119, 2120, 2137, 2138, 2139, 2160, 2176, 2180, 2181, 2185, 2186, 2209, 2212, 2213, 2216, 2217, 2219, 2224, 2227, 2228, 2229, 2230, 2231, 2233, 2245, 2246, 2248, 2251, 2257, 2292, 2293, 2339, 2347, 2379, 2380, 2383, 2387, 2390, 2391, 2392, 2393, 2394, 2402, 2420, 2423, 2424, 2426, 2427, 2428, 2431, 2432, 2433, 2435, 2437, 2439, 2441, 2443, 2444, 2445, 2446, 2447, 2448, 2449, 2450, 2451, 2453, 2469, 2472, 2473, 2475, 2476, 2477, 2479, 2482, 2483, 2484, 2485, 2488, 2489, 2490, 2491, 2492, 2493, 2494, 2495, 2496, 2497, 2499, 2501, 2502, 2503, 2504, 2505, 2506, 2507, 2508, 2509, 2510, 2512, 2522, 2525, 2526, 2528, 2529, 2530, 2533, 2535, 2536, 2539, 2540, 2541, 2542, 2543, 2544, 2547, 2548, 2549, 2552, 2553, 2554, 2557, 2558, 2559, 2560, 2561, 2562, 2563, 2565, 2568, 2569, 2572, 2573, 2574, 2575, 2576, 2578, 2579, 2580, 2581, 2582, 2583, 2585, 2586, 2588, 2589, 2591, 2609, 2612, 2613, 2615, 2616, 2617, 2620, 2621, 2623, 2624, 2625, 2626, 2627, 2630, 2631, 2632, 2633, 2636, 2638, 2639, 2641, 2642, 2643, 2644, 2646, 2647, 2649, 2651, 2659, 2662, 2663, 2664, 2666, 2667, 2693, 2696, 2697, 2699, 2700, 2701, 2702, 2704, 2706, 2707, 2709, 2710, 2711, 2712, 2714, 2717, 2720, 2721, 2722, 2723, 2725, 2726, 2727, 2728, 2729, 2730, 2731, 2732, 2734, 2736, 2737, 2738, 2739, 2741, 2742, 2743, 2745, 2746, 2747, 2748, 2750, 2751, 2753, 2754, 2755, 2758, 2759, 2760, 2761, 2762, 2776, 2779, 2780, 2782, 2783, 2784, 2786, 2787, 2789, 2791, 2792, 2793, 2794, 2795, 2797, 2812, 2813, 2816, 2817, 2818, 2820, 2821, 2822, 2825, 2826, 2828, 2829, 2830, 2831, 2832, 2834, 2837, 2839, 2840, 2842, 2845, 2846, 2848, 2849, 2851, 2852, 2855, 2856, 2859, 2861, 2862, 2864, 2865, 2867, 2868, 2869, 2870, 2871, 2872, 2873, 2874, 2875, 2876, 2877, 2879, 2881, 2882, 2884, 2886, 2888, 2889, 2910, 2911, 2913, 2914, 2915, 2917, 2918, 2920, 2922, 2924, 2925, 2926, 2927, 2928, 2929, 2930, 3011, 3037, 3039, 3052, 3054, 3261, 3265, 3268, 3272, 3280, 3298, 3302, 3307, 3370, 3371, 3373, 3381, 3385, 3392, 3393, 3420, 3422, 3423, 3424, 3471, 3472, 3473, 3474, 3475, 3476, 3477, 3478, 3482, 3484, 3486, 3505, 3506, 3512, 3513, 3514, 3515, 3518, 3519, 3520, 3521, 3522, 3527, 3532, 3538, 3540, 3541, 3598, 3599, 3608, 3609, 3655, 3657, 3658, 3673, 3675, 3676, 3679, 3681, 3682, 3683, 3684, 3685, 3687, 3688, 3689, 3690, 3692, 3693, 3698, 3699, 3700, 3701, 3703, 3704, 3705, 3708, 3709, 3710, 3711, 3712, 3713, 3720, 3724, 3726, 3728, 3731, 3732, 3734, 3735, 3736, 3737, 3744, 3749, 3751, 3754, 3755, 3756, 3757, 3758, 3759, 3766, 3771, 3773, 3778, 3781, 3783, 3784, 3787, 3791, 3793, 3794, 3797, 3799, 3800, 3801, 3802, 3803, 3804, 3805, 3806, 3814, 3815, 3816, 3822, 3828, 3829, 3830, 3838, 3840, 3841, 3842, 3843, 3844, 3845, 3852, 3857, 3859, 3860, 3861, 3862, 3863, 3864, 3871, 3876, 3884, 3887, 3888, 3889, 3890, 3893, 3894, 3896, 3897, 3898, 3900, 3901, 3903, 3905, 3906, 3907, 3908, 3911, 3912, 3915, 3916, 3918, 3919, 3920, 3922, 3935, 3936, 3948, 3951, 3956, 3957, 3958, 3959, 3960, 3961, 3962, 3966, 3973, 3974, 3991, 3993, 3994, 4006, 4009, 4014, 4015, 4016, 4017, 4018, 4019, 4020, 4024, 4031, 4032, 4057, 4058, 4059, 4063, 4064, 4068, 4070, 4071, 4083, 4086, 4089, 4092, 4098, 4099, 4110, 4112, 4113, 4120, 4121, 4125, 4127, 4128, 4140, 4142, 4143, 4146, 4148, 4150, 4151, 4152, 4153, 4155, 4156, 4160, 4163, 4169, 4170, 4171, 4172, 4173, 4174, 4176, 4178, 4179, 4188, 4190, 4191, 4194, 4196, 4198, 4199, 4200, 4201, 4205, 4207, 4208, 4209, 4214, 4218, 4219, 4246, 4247, 4249, 4250, 4251, 4255, 4264, 4317, 4319, 4320, 4321, 4324, 4365, 4366, 4445, 4447, 4448, 4492, 4496, 4497, 4498, 4499, 4503, 4504, 4517, 4518, 4542, 4545, 4580, 4582, 4599, 4617, 4619, 4623, 4627, 4628, 4668, 4671, 4734, 4736, 4737, 4762, 4763, 4788, 4802, 4815, 4819, 4826, 4844, 4847, 4857, 4859, 4860, 4912, 4926, 4936, 4937, 4938, 4998, 4999, 5019, 5020, 5022, 5029, 5031, 5032, 5033, 5035, 5041, 5042, 5046, 5047, 5048, 5050, 5056, 5057, 5060, 5061, 5063, 5064, 5065, 5069, 5070, 5071, 5073, 5074, 5077, 5078, 5079, 5080, 5105, 5119, 5129, 5130, 5131, 5244, 5264, 5266, 5267, 5270, 5272, 5274, 5275, 5277, 5278, 5282, 5285, 5288, 5290, 5292, 5295, 5296, 5300, 5301, 5304, 5306, 5307, 5311, 5313, 5316, 5319, 5321, 5322, 5323, 5326, 5327, 5328, 5331, 5332, 5334, 5341, 5343, 5344, 5346, 5348, 5349, 5365, 5368, 5383, 5386, 5387, 5389, 5391, 5394, 5395, 5399, 5400, 5403, 5405, 5406, 5410, 5412, 5413, 5416, 5417, 5419, 5420, 5421, 5425, 5428, 5434, 5436, 5437, 5450, 5452, 5453, 5456, 5458, 5460, 5461, 5463, 5464, 5468, 5471, 5474, 5475, 5477, 5478, 5479, 5483, 5486, 5492, 5494, 5495, 5513, 5515, 5516, 5519, 5521, 5523, 5524, 5526, 5527, 5531, 5534, 5537, 5538, 5540, 5545, 5546, 5552, 5593, 5595, 5596, 5599, 5601, 5603, 5606, 5607, 5608, 5609, 5610, 5611, 5612, 5613, 5614, 5615, 5617, 5618, 5619, 5622, 5623, 5624, 5627, 5628, 5629, 5630, 5631, 5632, 5634, 5639, 5640, 5665, 5667, 5668, 5671, 5673, 5674, 5677, 5678, 5679, 5680, 5683, 5685, 5686, 5687, 5690, 5691, 5692, 5695, 5697, 5698, 5699, 5700, 5702, 5704, 5705, 5730, 5732, 5733, 5736, 5738, 5739, 5742, 5743, 5744, 5745, 5746, 5748, 5749, 5750, 5753, 5754, 5755, 5758, 5759, 5760, 5761, 5762, 5763, 5765, 5767, 5768, 5773, 5775, 5776, 5789, 5791, 5792, 5793, 5812, 5814, 5815, 5816, 5839, 5840, 5854, 5855, 5856, 5857, 5860, 5861, 5862, 5863, 5864, 5865, 5867, 5868, 5870, 5871, 5872, 5873, 5874, 5876, 5877, 5878, 5879, 5880, 5881, 5882, 5883, 5884, 5885, 5886, 5887, 5889, 5890, 5892, 5897, 5899, 5942, 5945, 5946, 5948, 5949, 5950, 5951, 5953, 5954, 5955, 5958, 5959, 5962, 5963, 5964, 5965, 5966, 5968, 5969, 5971, 5973, 5989, 6009, 6010, 6015, 6017, 6023, 6024, 6038, 6039, 6045, 6046, 6052, 6055, 6056, 6057, 6058, 6061, 6062, 6063, 6064, 6067, 6068, 6069, 6070, 6071, 6073, 6075, 6115, 6116, 6117, 6118, 6119, 6125, 6134, 6135, 6136, 6137, 6138, 6144, 6165, 6166, 6178, 6186, 6187, 6192, 6193, 6195, 6196, 6198, 6199, 6202, 6203, 6204, 6205, 6207, 6208, 6209, 6210, 6213, 6214, 6215, 6216, 6218, 6219, 6220, 6221, 6224, 6225, 6226, 6228, 6229, 6230, 6231, 6238, 6241, 6243, 6244, 6245, 6246, 6248, 6250, 6251, 6254, 6255, 6258, 6259, 6262, 6263, 6265, 6278, 6279, 6296, 6297, 6324, 6325, 6329, 6339, 6354, 6357, 6363, 6364, 6368, 6394, 6395, 6405, 6408, 6428, 6431, 6432, 6433, 6436, 6443, 6444, 6445, 6446, 6448, 6449, 6451, 6476, 6477, 6479, 6480, 6488, 6489, 6496, 6502, 6531, 6533, 6534, 6537, 6539, 6540, 6543, 6544, 6545, 6546, 6549, 6551, 6552, 6553, 6555, 6556, 6558, 6560, 6561, 6573, 6575, 6576, 6579, 6581, 6582, 6584, 6585, 6588, 6590, 6591, 6592, 6594, 6595, 6597, 6598, 6603, 6605, 6606, 6609, 6611, 6612, 6613, 6617, 6620, 6623, 6625, 6626, 6628, 6629, 6630, 6631, 6633, 6634, 6635, 6638, 6640, 6647, 6652, 6653, 6658, 6660, 6661, 6663, 6668, 6669, 6671, 6675, 6678, 6679, 6681, 6682, 6684, 6685, 6690, 6691, 6692, 6693, 6694, 6695, 6697, 6698, 6702, 6707, 6709, 6710, 6713, 6715, 6716, 6717, 6720, 6721, 6724, 6725, 6728, 6730, 6731, 6732, 6733, 6735, 6736, 6739, 6742, 6746, 6749, 6752, 6753, 6754, 6755, 6756, 6758, 6762, 6767, 6769, 6771, 6772, 6774, 6775, 6776, 6777, 6778, 6780, 6781, 6782, 6784, 6786, 6791, 6794, 6796, 6797, 6800, 6803, 6804, 6807, 6808, 6809, 6813, 6815, 6816, 6818, 6819, 6822, 6824, 6832, 6837, 6838, 6840, 6842, 6843, 6845, 6846, 6847, 6849, 6852, 6854, 6855, 6858, 6861, 6862, 6863, 6864, 6865, 6866, 6867, 6870, 6871, 6873, 6880, 6883, 6884, 6890, 6892, 6897, 6900, 6901, 6902, 6903, 6908, 6910, 6911, 6913, 6914, 6916, 6917, 6919, 6925, 6928, 6931, 6933, 6934, 6935, 6937, 6938, 6941, 6943, 6945, 6948, 6949, 6952, 6953, 6956, 6957, 6959, 6960, 6962, 6967, 6968, 6971, 6973, 6974, 6976, 6977, 6978, 6980, 6984, 6986, 6987, 6988, 6989, 6996, 7000, 7001, 7002, 7004, 7010, 7015, 7016, 7017, 7019, 7067, 7069, 7070, 7073, 7075, 7077, 7078, 7079, 7080, 7081, 7082, 7083, 7084, 7085, 7087, 7090, 7091, 7092, 7093, 7094, 7098, 7099, 7100, 7101, 7102, 7103, 7105, 7107, 7108, 7111, 7112, 7114, 7115, 7116, 7117, 7118, 7120, 7123, 7124, 7127, 7130, 7131, 7133, 7134, 7149, 7151, 7152, 7155, 7157, 7158, 7161, 7162, 7163, 7164, 7165, 7167, 7169, 7170, 7175, 7176, 7177, 7180, 7181, 7182, 7183, 7184, 7186, 7188, 7189, 7192, 7193, 7196, 7197, 7200, 7201, 7204, 7209, 7211, 7212, 7214, 7215, 7217, 7218, 7219, 7220, 7224, 7226, 7228, 7229, 7230, 7231, 7232, 7233, 7234, 7236, 7237, 7245, 7249, 7251, 7260, 7263, 7264, 7265, 7267, 7268, 7269, 7270, 7275, 7279, 7281, 7282, 7290, 7294, 7302, 7303, 7304, 7306, 7307, 7308, 7310, 7311, 7314, 7315, 7318, 7319, 7320, 7321, 7323, 7324, 7325, 7326, 7327, 7328, 7335, 7340, 7341, 7342, 7343, 7345, 7346, 7347, 7348, 7349, 7350, 7351, 7356, 7357, 7358, 7359, 7361, 7362, 7363, 7364, 7365, 7366, 7371, 7372, 7373, 7374, 7375, 7377, 7379, 7380, 7381, 7382, 7383, 7385, 7386, 7387, 7390, 7393, 7395, 7396, 7397, 7402, 7403, 7404, 7409, 7411, 7412, 7425, 7428, 7434, 7435, 7442, 7445, 7458, 7459, 7460, 7461, 7462, 7472, 7473, 7474, 7475, 7476, 7477, 7482, 7495, 7496, 7497, 7501, 7502, 7503, 7507, 7508, 7522, 7525, 7528, 7529, 7534, 7535, 7539, 7542, 7558, 7560, 7561, 7572, 7575, 7578, 7579, 7584, 7585, 7589, 7590, 7600, 7602, 7603, 7612, 7614, 7615, 7618, 7620, 7621, 7622, 7624, 7625, 7626, 7627, 7628, 7630, 7632, 7633, 7636, 7637, 7638, 7640, 7641, 7642, 7644, 7645, 7646, 7649, 7652, 7653, 7654, 7657, 7658, 7659, 7663, 7664, 7669, 7671, 7672, 7680, 7682, 7683, 7686, 7688, 7689, 7690, 7692, 7693, 7694, 7695, 7696, 7698, 7699, 7701, 7703, 7705, 7706, 7710, 7711, 7716, 7720, 7725, 7728, 7733, 7734, 7748, 7750, 7751, 7754, 7756, 7757, 7760, 7761, 7762, 7763, 7765, 7766, 7768, 7770, 7771, 7777, 7778, 7781, 7782, 7783, 7786, 7789, 7793, 7794, 7795, 7796, 7797, 7801, 7805, 7806, 7810, 7811, 7818, 7820, 7821, 7824, 7826, 7827, 7829, 7830, 7832, 7833, 7834, 7836, 7838, 7839, 7853, 7855, 7856, 7859, 7861, 7862, 7864, 7865, 7867, 7869, 7871, 7873, 7874, 7875, 7876, 7877, 7879, 7880, 7881, 7882, 7883, 7885, 7886, 7887, 7890, 7893, 7895, 7896, 7897, 7898, 7899, 7901, 7902, 7903, 7904, 7905, 7907, 7908, 7909, 7910, 7913, 7914, 7918, 7919, 7923, 7924, 7926, 7927, 7930, 7932, 7933, 7940, 7942, 7943, 7946, 7948, 7949, 7951, 7952, 7954, 7955, 7956, 7957, 7959, 7961, 7962, 7972, 7974, 7975, 7978, 7980, 7981, 7983, 7985, 7986, 7988, 7990, 7992, 7993, 7994, 7995, 7997, 7998, 7999, 8000, 8001, 8002, 8007, 8008, 8009, 8010, 8011, 8013, 8014, 8016, 8017, 8018, 8019, 8022, 8025, 8029, 8030, 8036, 8048, 8050, 8051, 8054, 8056, 8057, 8059, 8060, 8062, 8063, 8064, 8067, 8068, 8069, 8072, 8075, 8079, 8082, 8087, 8091, 8094, 8095, 8096, 8097, 8098, 8101, 8106, 8110, 8113, 8114, 8115, 8118, 8119, 8123, 8128, 8129, 8134, 8135, 8141, 8142, 8143, 8145, 8160, 8161, 8162, 8164, 8168, 8169, 8187, 8189, 8190, 8193, 8195, 8196, 8198, 8199, 8201, 8203, 8205, 8207, 8208, 8209, 8211, 8212, 8213, 8216, 8217, 8218, 8221, 8225, 8228, 8229, 8230, 8231, 8232, 8235, 8236, 8237, 8238, 8239, 8242, 8243, 8244, 8247, 8250, 8253, 8257, 8258, 8263, 8266, 8269, 8270, 8271, 8272, 8273, 8277, 8279, 8282, 8285, 8286, 8289, 8291, 8292, 8293, 8294, 8295, 8296, 8298, 8299, 8300, 8301, 8308, 8309, 8311, 8312, 8315, 8316, 8319, 8324, 8325, 8329, 8330, 8335, 8336, 8337, 8340, 8341, 8343, 8345, 8346, 8368, 8370, 8371, 8374, 8376, 8377, 8379, 8380, 8382, 8383, 8384, 8386, 8387, 8390, 8391, 8392, 8393, 8394, 8395, 8396, 8398, 8399, 8403, 8405, 8414, 8415, 8418, 8419, 8420, 8421, 8423, 8424, 8425, 8427, 8428, 8429, 8430, 8434, 8437, 8438, 8439, 8441, 8442, 8444, 8445, 8450, 8451, 8452, 8457, 8458, 8468, 8470, 8471, 8474, 8476, 8477, 8479, 8480, 8482, 8483, 8486, 8487, 8488, 8491, 8494, 8497, 8501, 8505, 8508, 8509, 8510, 8511, 8512, 8513, 8514, 8515, 8516, 8517, 8519, 8520, 8522, 8523, 8524, 8527, 8529, 8530, 8533, 8534, 8536, 8537, 8540, 8541, 8543, 8544, 8547, 8548, 8550, 8553, 8554, 8555, 8556, 8558, 8559, 8604, 8606, 8607, 8610, 8612, 8613, 8615, 8616, 8617, 8620, 8621, 8623, 8625, 8626, 8627, 8628, 8629, 8630, 8631, 8632, 8634, 8635, 8636, 8638, 8647, 8649, 8652, 8655, 8656, 8658, 8660, 8661, 8662, 8663, 8664, 8665, 8666, 8667, 8669, 8671, 8672, 8673, 8674, 8676, 8678, 8687, 8689, 8690, 8693, 8694, 8696, 8697, 8698, 8699, 8700, 8701, 8702, 8703, 8705, 8707, 8708, 8709, 8710, 8711, 8713, 8716, 8717, 8723, 8736, 8738, 8739, 8742, 8743, 8745, 8746, 8750, 8753, 8754, 8755, 8759, 8763, 8767, 8771, 8774, 8775, 8776, 8777, 8778, 8781, 8782, 8784, 8785, 8789, 8793, 8796, 8801, 8804, 8805, 8806, 8808, 8828, 8830, 8831, 8832, 8834, 8836, 8838, 8840, 8841, 8842, 8843, 8844, 8845, 8848, 8849, 8850, 8851, 8853, 8854, 8856, 8857, 8859, 8862, 8864, 8868, 8870, 8871, 8879, 8892, 8894, 8895, 8898, 8900, 8901, 8903, 8906, 8907, 8912, 8913, 8914, 8915, 8916, 8917, 8918, 8919, 8920, 8922, 8923, 8924, 8926, 8929, 8931, 8932, 8933, 8934, 8937, 8942, 8943, 8944, 8945, 8946, 8947, 8948, 8950, 8951, 8953, 8955, 8963, 8969, 8978, 8979, 8980, 8982, 8983, 8986, 8987, 8988, 8989, 8990, 8991, 8997, 8998, 8999, 9000, 9002, 9003, 9004, 9005, 9008, 9011, 9012, 9013, 9015, 9016, 9035, 9036, 9038, 9042, 9043, 9060, 9062, 9063, 9066, 9068, 9069, 9071, 9072, 9075, 9076, 9077, 9078, 9079, 9085, 9086, 9087, 9089, 9090, 9091, 9092, 9095, 9096, 9097, 9098, 9099, 9101, 9102, 9103, 9110, 9113, 9117, 9120, 9122, 9129, 9136, 9139, 9140, 9144, 9145, 9146, 9147, 9149, 9150, 9151, 9152, 9154, 9155, 9157, 9158, 9163, 9165, 9166, 9167, 9170, 9176, 9177, 9178, 9179, 9180, 9181, 9186, 9187, 9188, 9190, 9191, 9214, 9215, 9217, 9222, 9223, 9235, 9237, 9238, 9241, 9243, 9244, 9246, 9249, 9250, 9251, 9252, 9253, 9254, 9257, 9260, 9261, 9264, 9266, 9267, 9269, 9272, 9274, 9275, 9278, 9279, 9280, 9281, 9282, 9284, 9286, 9290, 9295, 9302, 9305, 9308, 9309, 9311, 9312, 9313, 9314, 9316, 9317, 9318, 9319, 9325, 9326, 9329, 9330, 9331, 9332, 9333, 9334, 9335, 9341, 9342, 9343, 9344, 9347, 9348, 9349, 9350, 9351, 9354, 9355, 9356, 9357, 9358, 9361, 9362, 9363, 9366, 9367, 9370, 9373, 9374, 9375, 9376, 9381, 9382, 9383, 9385, 9386, 9399, 9400, 9402, 9406, 9407, 9416, 9418, 9419, 9422, 9424, 9425, 9428, 9429, 9430, 9431, 9432, 9433, 9436, 9438, 9441, 9442, 9443, 9444, 9445, 9447, 9450, 9451, 9455, 9457, 9458, 9459, 9462, 9463, 9466, 9467, 9470, 9473, 9474, 9475, 9479, 9486, 9490, 9491, 9496, 9500, 9503, 9504, 9505, 9506, 9508, 9509, 9510, 9511, 9517, 9519, 9522, 9523, 9524, 9525, 9526, 9528, 9529, 9534, 9535, 9536, 9540, 9543, 9544, 9545, 9546, 9547, 9550, 9551, 9552, 9553, 9554, 9555, 9556, 9557, 9558, 9560, 9561, 9563, 9566, 9571, 9572, 9573, 9574, 9577, 9578, 9579, 9584, 9585, 9589, 9590, 9591, 9593, 9594, 9602, 9603, 9610, 9612, 9615, 9616, 9624, 9625, 9628, 9629, 9630, 9634, 9636, 9639, 9640, 9641, 9644, 9647, 9648, 9651, 9652, 9653, 9654, 9655, 9656, 9657, 9660, 9662, 9663, 9666, 9680, 9739, 9741, 9742, 9745, 9747, 9748, 9751, 9753, 9754, 9755, 9758, 9761, 9762, 9763, 9764, 9765, 9766, 9767, 9768, 9769, 9771, 9772, 9775, 9777, 9778, 9779, 9780, 9782, 9783, 9786, 9787, 9792, 9793, 9794, 9795, 9798, 9799, 9801, 9802, 9803, 9806, 9809, 9810, 9811, 9812, 9813, 9814, 9816, 9819, 9822, 9823, 9824, 9825, 9826, 9827, 9831, 9832, 9868, 9870, 9871, 9874, 9876, 9877, 9880, 9881, 9883, 9884, 9885, 9888, 9891, 9892, 9895, 9897, 9898, 9899, 9900, 9902, 9903, 9904, 9907, 9910, 9911, 9912, 9913, 9914, 9915, 9917, 9921, 9924, 9925, 9926, 9927, 9928, 9929, 9933, 9934, 9978, 9980, 9981, 9984, 9986, 9987, 9992, 9993, 9995, 9996, 9997, 10000, 10001, 10004, 10005, 10006, 10007, 10010, 10012, 10014, 10019, 10020, 10021, 10022, 10023, 10024, 10027, 10028, 10029, 10030, 10031, 10032, 10036, 10040, 10041, 10043, 10045, 10047, 10049, 10051, 10073, 10074, 10076, 10078, 10082, 10085, 10086, 10087, 10088, 10089, 10090, 10092, 10093, 10094, 10098, 10099, 10101, 10102, 10109, 10152, 10154, 10155, 10158, 10160, 10161, 10164, 10166, 10167, 10168, 10170, 10171, 10172, 10174, 10175, 10176, 10179, 10180, 10185, 10186, 10187, 10188, 10189, 10191, 10194, 10195, 10196, 10198, 10199, 10200, 10201, 10227, 10229, 10230, 10233, 10235, 10236, 10239, 10241, 10242, 10244, 10245, 10246, 10249, 10250, 10255, 10256, 10257, 10258, 10259, 10261, 10264, 10265, 10266, 10267, 10269, 10270, 10271, 10272, 10304, 10306, 10307, 10310, 10312, 10313, 10316, 10318, 10319, 10320, 10323, 10324, 10329, 10330, 10331, 10332, 10333, 10335, 10337, 10340, 10341, 10342, 10344, 10345, 10346, 10347, 10372, 10374, 10375, 10378, 10380, 10381, 10384, 10385, 10387, 10388, 10389, 10392, 10393, 10398, 10399, 10400, 10401, 10402, 10404, 10407, 10408, 10409, 10411, 10412, 10413, 10414, 10439, 10441, 10442, 10445, 10447, 10448, 10451, 10453, 10454, 10455, 10458, 10459, 10464, 10465, 10466, 10467, 10468, 10470, 10473, 10474, 10475, 10477, 10478, 10479, 10480, 10501, 10503, 10504, 10507, 10509, 10510, 10515, 10516, 10518, 10519, 10520, 10521, 10523, 10524, 10525, 10528, 10529, 10532, 10533, 10534, 10535, 10536, 10538, 10539, 10540, 10543, 10548, 10549, 10553, 10554, 10555, 10556, 10586, 10587, 10588, 10589, 10590, 10592, 10595, 10596, 10598, 10599, 10600, 10602, 10603, 10604, 10607, 10608, 10611, 10612, 10613, 10614, 10617, 10618, 10619, 10622, 10623, 10624, 10627, 10628, 10629, 10630, 10633, 10634, 10635, 10636, 10637, 10638, 10641, 10642, 10643, 10645, 10657, 10659, 10660, 10661, 10664, 10665, 10666, 10667, 10669, 10670, 10671, 10672, 10673, 10675, 10676, 10679, 10680, 10681, 10682, 10683, 10684, 10685, 10686, 10687, 10689, 10690, 10691, 10692, 10694, 10705, 10706, 10709, 10710, 10711, 10712, 10713, 10715, 10717, 10718, 10719, 10721, 10722, 10725, 10726, 10727, 10728, 10730, 10731, 10732, 10734, 10736, 10737, 10738, 10752, 10754, 10756, 10757, 10758, 10770, 10771, 10772, 10775, 10776, 10778, 10780, 10781, 10782, 10790, 10791, 10794, 10795, 10798, 10806, 10807, 10809, 10811, 10812, 10814, 10816, 10817, 10910, 10911, 10912, 10921, 10922, 11013, 11014, 11038, 11040, 11052, 11053, 11054, 11057, 11058, 11080, 11081, 11125, 11126, 11131, 11132, 11136, 11137, 11148, 11149, 11152, 11153, 11164, 11165, 11166, 11167, 11168, 11169, 11170, 11173, 11174, 11175, 11176, 11177, 11178, 11179, 11182, 11183, 11190, 11191, 11202, 11203, 11204, 11205, 11221, 11223, 11224, 11264, 11265, 11288, 11320, 11321, 11336, 11337, 11338, 11339, 11345, 11346, 11351], "excluded_lines": [], "functions": {"main": {"executed_lines": [48, 51, 54, 55, 56, 59], "summary": {"covered_lines": 6, "num_statements": 6, "percent_covered": 100.0, "percent_covered_display": "100", "missing_lines": 0, "excluded_lines": 0}, "missing_lines": [], "excluded_lines": []}, "init": {"executed_lines": [125, 127, 128, 131, 134, 135, 137, 139, 140, 141, 144, 145, 146, 147, 148, 149, 150, 153, 154, 157, 160, 161, 164, 167, 168, 174, 176, 177, 179], "summary": {"covered_lines": 29, "num_statements": 33, "percent_covered": 87.87878787878788, "percent_covered_display": "88", "missing_lines": 4, "excluded_lines": 0}, "missing_lines": [142, 169, 180, 181], "excluded_lines": []}, "_detect_project_context": {"executed_lines": [186, 188, 190, 196, 198, 239, 240, 243, 263], "summary": {"covered_lines": 9, "num_statements": 47, "percent_covered": 19.148936170212767, "percent_covered_display": "19", "missing_lines": 38, "excluded_lines": 0}, "missing_lines": [200, 206, 207, 209, 211, 212, 213, 214, 216, 218, 219, 220, 223, 224, 230, 231, 232, 233, 235, 236, 244, 245, 246, 247, 248, 249, 250, 251, 252, 253, 254, 255, 256, 257, 258, 259, 260, 261], "excluded_lines": []}, "_setup_main_project": {"executed_lines": [277, 289, 298, 299, 302, 305, 308, 309, 310, 313, 315, 317], "summary": {"covered_lines": 12, "num_statements": 20, "percent_covered": 60.0, "percent_covered_display": "60", "missing_lines": 8, "excluded_lines": 0}, "missing_lines": [278, 279, 280, 286, 290, 291, 292, 293], "excluded_lines": []}, "_generate_project_template": {"executed_lines": [327, 328, 331, 341, 344, 361, 394, 420, 451, 473, 486], "summary": {"covered_lines": 11, "num_statements": 15, "percent_covered": 73.33333333333333, "percent_covered_display": "73", "missing_lines": 4, "excluded_lines": 0}, "missing_lines": [342, 362, 395, 421], "excluded_lines": []}, "_setup_github_integration": {"executed_lines": [], "summary": {"covered_lines": 0, "num_statements": 84, "percent_covered": 0.0, "percent_covered_display": "0", "missing_lines": 84, "excluded_lines": 0}, "missing_lines": [492, 494, 495, 496, 497, 498, 499, 500, 502, 503, 504, 506, 507, 508, 511, 512, 514, 515, 516, 517, 518, 519, 521, 522, 523, 526, 527, 528, 530, 531, 533, 536, 537, 540, 541, 542, 543, 544, 545, 546, 548, 551, 552, 553, 554, 555, 558, 559, 560, 561, 562, 564, 566, 567, 568, 569, 570, 574, 575, 576, 579, 581, 582, 583, 585, 588, 602, 603, 605, 608, 609, 610, 611, 612, 614, 616, 617, 618, 619, 620, 621, 622, 623, 625], "excluded_lines": []}, "_show_success_summary": {"executed_lines": [631, 632, 633, 636, 637, 638, 639, 640, 641, 642, 643, 645, 646, 647, 652, 654, 655, 657, 658, 659, 660, 663, 665, 666, 667, 668, 669, 672, 673, 675, 676, 677, 679, 684, 685, 686, 687, 689], "summary": {"covered_lines": 38, "num_statements": 49, "percent_covered": 77.55102040816327, "percent_covered_display": "78", "missing_lines": 11, "excluded_lines": 0}, "missing_lines": [648, 649, 650, 651, 661, 662, 670, 671, 680, 681, 682], "excluded_lines": []}, "dashboard": {"executed_lines": [706, 708, 714, 716, 718, 719, 729], "summary": {"covered_lines": 7, "num_statements": 14, "percent_covered": 50.0, "percent_covered_display": "50", "missing_lines": 7, "excluded_lines": 0}, "missing_lines": [709, 712, 720, 724, 727, 731, 732], "excluded_lines": []}, "_get_current_user": {"executed_lines": [737, 740, 741, 742, 746, 748], "summary": {"covered_lines": 6, "num_statements": 7, "percent_covered": 85.71428571428571, "percent_covered_display": "86", "missing_lines": 1, "excluded_lines": 0}, "missing_lines": [743], "excluded_lines": []}, "_display_daily_dashboard": {"executed_lines": [758, 760, 761, 762, 765, 768, 770, 771, 772, 773, 776, 777, 778, 779, 780, 783, 784, 786, 787, 789, 791, 795, 797, 800, 801, 823, 824, 827, 829, 830, 837, 838, 840, 843, 848, 851, 852, 854, 856, 857, 864, 868, 871, 874, 877, 878, 879, 889, 901, 902, 903, 909, 921, 922, 924, 927, 928, 938, 939, 944, 945, 946, 947, 948, 957, 960, 962, 964, 968, 969, 970, 974, 975, 976, 981, 984], "summary": {"covered_lines": 76, "num_statements": 107, "percent_covered": 71.02803738317758, "percent_covered_display": "71", "missing_lines": 31, "excluded_lines": 0}, "missing_lines": [788, 790, 802, 804, 805, 809, 810, 812, 813, 817, 818, 820, 839, 841, 869, 887, 890, 894, 895, 904, 905, 906, 907, 910, 914, 915, 916, 953, 963, 965, 982], "excluded_lines": []}, "notifications": {"executed_lines": [1002, 1004, 1010, 1012, 1022, 1024, 1033, 1035, 1036], "summary": {"covered_lines": 9, "num_statements": 22, "percent_covered": 40.90909090909091, "percent_covered_display": "41", "missing_lines": 13, "excluded_lines": 0}, "missing_lines": [1005, 1008, 1013, 1014, 1015, 1019, 1025, 1026, 1027, 1028, 1031, 1038, 1039], "excluded_lines": []}, "broadcast": {"executed_lines": [1051, 1053, 1059, 1060, 1061, 1066, 1068, 1073], "summary": {"covered_lines": 8, "num_statements": 15, "percent_covered": 53.333333333333336, "percent_covered_display": "53", "missing_lines": 7, "excluded_lines": 0}, "missing_lines": [1054, 1057, 1062, 1063, 1069, 1075, 1076], "excluded_lines": []}, "activity": {"executed_lines": [1085, 1087, 1093, 1094, 1096, 1098, 1099], "summary": {"covered_lines": 7, "num_statements": 11, "percent_covered": 63.63636363636363, "percent_covered_display": "64", "missing_lines": 4, "excluded_lines": 0}, "missing_lines": [1088, 1091, 1101, 1102], "excluded_lines": []}, "_get_notifications_for_user": {"executed_lines": [1107, 1108, 1111, 1114, 1115, 1152, 1153, 1185, 1186, 1191, 1203, 1204, 1208], "summary": {"covered_lines": 13, "num_statements": 24, "percent_covered": 54.166666666666664, "percent_covered_display": "54", "missing_lines": 11, "excluded_lines": 0}, "missing_lines": [1116, 1117, 1118, 1120, 1125, 1138, 1139, 1159, 1166, 1167, 1168], "excluded_lines": []}, "_display_notifications": {"executed_lines": [1213, 1217, 1218, 1220, 1221, 1225, 1226, 1228, 1229, 1231, 1233], "summary": {"covered_lines": 11, "num_statements": 14, "percent_covered": 78.57142857142857, "percent_covered_display": "79", "missing_lines": 3, "excluded_lines": 0}, "missing_lines": [1214, 1215, 1234], "excluded_lines": []}, "_store_team_update": {"executed_lines": [1241, 1242, 1243, 1246, 1249, 1250, 1251, 1253, 1254, 1255, 1260, 1269, 1272, 1275, 1276], "summary": {"covered_lines": 15, "num_statements": 17, "percent_covered": 88.23529411764706, "percent_covered_display": "88", "missing_lines": 2, "excluded_lines": 0}, "missing_lines": [1256, 1257], "excluded_lines": []}, "_get_team_activity": {"executed_lines": [1281, 1282, 1284, 1287, 1288, 1289, 1291, 1292, 1293, 1295, 1296, 1299, 1300, 1301, 1316, 1317, 1319, 1324, 1325, 1336, 1341, 1342, 1353, 1354, 1365, 1367], "summary": {"covered_lines": 26, "num_statements": 28, "percent_covered": 92.85714285714286, "percent_covered_display": "93", "missing_lines": 2, "excluded_lines": 0}, "missing_lines": [1312, 1313], "excluded_lines": []}, "_display_activity_feed": {"executed_lines": [1372, 1376, 1377, 1380, 1381, 1383, 1384, 1385, 1386, 1389, 1390, 1393, 1394, 1400, 1403, 1404, 1406, 1413, 1418, 1419, 1421], "summary": {"covered_lines": 21, "num_statements": 26, "percent_covered": 80.76923076923077, "percent_covered_display": "81", "missing_lines": 5, "excluded_lines": 0}, "missing_lines": [1373, 1374, 1395, 1396, 1398], "excluded_lines": []}, "handoff": {"executed_lines": [1440, 1442, 1448, 1449, 1450, 1451, 1452, 1455, 1458, 1464, 1465, 1468, 1469, 1470, 1472, 1475, 1479, 1481, 1482, 1484, 1485, 1491], "summary": {"covered_lines": 22, "num_statements": 26, "percent_covered": 84.61538461538461, "percent_covered_display": "85", "missing_lines": 4, "excluded_lines": 0}, "missing_lines": [1443, 1446, 1500, 1501], "excluded_lines": []}, "handoff_context": {"executed_lines": [1509, 1511, 1517, 1518, 1519, 1520, 1521, 1523, 1524, 1525, 1528, 1529, 1532, 1533, 1534, 1537, 1538, 1539, 1543, 1544, 1546, 1547, 1549, 1551, 1557, 1558, 1564, 1565, 1566, 1571, 1573, 1579, 1581, 1582, 1586, 1590, 1593, 1625, 1626, 1628, 1649, 1650, 1652, 1656], "summary": {"covered_lines": 44, "num_statements": 76, "percent_covered": 57.89473684210526, "percent_covered_display": "58", "missing_lines": 32, "excluded_lines": 0}, "missing_lines": [1512, 1515, 1560, 1561, 1574, 1587, 1594, 1596, 1597, 1598, 1599, 1600, 1601, 1604, 1609, 1611, 1612, 1613, 1614, 1615, 1616, 1621, 1622, 1629, 1635, 1636, 1639, 1640, 1645, 1653, 1660, 1661], "excluded_lines": []}, "handoff_list": {"executed_lines": [1670, 1672, 1678, 1679, 1680, 1683, 1691, 1692, 1696, 1701, 1703, 1706, 1708, 1710, 1719, 1720, 1723, 1726, 1731, 1733, 1738, 1740], "summary": {"covered_lines": 22, "num_statements": 29, "percent_covered": 75.86206896551724, "percent_covered_display": "76", "missing_lines": 7, "excluded_lines": 0}, "missing_lines": [1673, 1676, 1684, 1697, 1698, 1742, 1743], "excluded_lines": []}, "workload_analysis": {"executed_lines": [1757, 1759, 1765, 1766, 1768, 1770, 1773], "summary": {"covered_lines": 7, "num_statements": 11, "percent_covered": 63.63636363636363, "percent_covered_display": "64", "missing_lines": 4, "excluded_lines": 0}, "missing_lines": [1760, 1763, 1775, 1776], "excluded_lines": []}, "smart_assign": {"executed_lines": [1795, 1797, 1803, 1804, 1805, 1806, 1807, 1809, 1810, 1814, 1818, 1820], "summary": {"covered_lines": 12, "num_statements": 22, "percent_covered": 54.54545454545455, "percent_covered_display": "55", "missing_lines": 10, "excluded_lines": 0}, "missing_lines": [1798, 1801, 1815, 1816, 1822, 1823, 1824, 1825, 1829, 1830], "excluded_lines": []}, "capacity_forecast": {"executed_lines": [1839, 1841, 1847, 1848, 1849], "summary": {"covered_lines": 5, "num_statements": 9, "percent_covered": 55.55555555555556, "percent_covered_display": "56", "missing_lines": 4, "excluded_lines": 0}, "missing_lines": [1842, 1845, 1851, 1852], "excluded_lines": []}, "_analyze_individual_workload": {"executed_lines": [1857, 1859, 1860, 1861, 1863, 1864, 1867, 1869, 1870, 1872, 1873, 1874, 1875, 1878, 1879, 1880, 1882, 1883, 1884, 1888, 1890, 1892, 1893, 1897, 1900, 1903, 1904, 1906, 1907, 1908, 1909, 1910, 1911, 1912, 1914, 1920, 1927, 1928, 1930, 1934], "summary": {"covered_lines": 40, "num_statements": 48, "percent_covered": 83.33333333333333, "percent_covered_display": "83", "missing_lines": 8, "excluded_lines": 0}, "missing_lines": [1915, 1916, 1917, 1918, 1921, 1922, 1923, 1924], "excluded_lines": []}, "_analyze_team_workload": {"executed_lines": [1941, 1944, 1945, 1947, 1948, 1949, 1953, 1954, 1956, 1961, 1962, 1963, 1964, 1965, 1966, 1968, 1969, 1970, 1972, 1974, 1975, 1976, 1979, 1980, 1984, 1985, 1986, 1988, 2001, 2009, 2010, 2012, 2014, 2015, 2018, 2028], "summary": {"covered_lines": 36, "num_statements": 44, "percent_covered": 81.81818181818181, "percent_covered_display": "82", "missing_lines": 8, "excluded_lines": 0}, "missing_lines": [1951, 1957, 1958, 2019, 2020, 2021, 2022, 2025], "excluded_lines": []}, "_calculate_workload_score": {"executed_lines": [2033, 2036, 2038, 2040, 2043, 2051, 2060, 2061, 2065, 2066, 2068], "summary": {"covered_lines": 11, "num_statements": 13, "percent_covered": 84.61538461538461, "percent_covered_display": "85", "missing_lines": 2, "excluded_lines": 0}, "missing_lines": [2034, 2063], "excluded_lines": []}, "_get_workload_status": {"executed_lines": [2073, 2074, 2079, 2080, 2085, 2086], "summary": {"covered_lines": 6, "num_statements": 7, "percent_covered": 85.71428571428571, "percent_covered_display": "86", "missing_lines": 1, "excluded_lines": 0}, "missing_lines": [2092], "excluded_lines": []}, "_display_team_insights": {"executed_lines": [2101, 2104, 2107, 2108, 2109, 2112, 2113, 2115, 2125, 2126, 2129, 2130, 2136, 2144], "summary": {"covered_lines": 14, "num_statements": 21, "percent_covered": 66.66666666666667, "percent_covered_display": "67", "missing_lines": 7, "excluded_lines": 0}, "missing_lines": [2102, 2116, 2119, 2120, 2137, 2138, 2139], "excluded_lines": []}, "_get_smart_assignment_suggestion": {"executed_lines": [2151, 2154, 2155, 2156, 2157, 2159, 2162, 2164, 2165, 2168, 2169, 2170, 2173, 2174, 2179, 2184, 2188, 2191, 2192, 2194], "summary": {"covered_lines": 20, "num_statements": 26, "percent_covered": 76.92307692307692, "percent_covered_display": "77", "missing_lines": 6, "excluded_lines": 0}, "missing_lines": [2160, 2176, 2180, 2181, 2185, 2186], "excluded_lines": []}, "_calculate_skill_match": {"executed_lines": [], "summary": {"covered_lines": 0, "num_statements": 6, "percent_covered": 0.0, "percent_covered_display": "0", "missing_lines": 6, "excluded_lines": 0}, "missing_lines": [2209, 2212, 2213, 2216, 2217, 2219], "excluded_lines": []}, "_calculate_dependency_score": {"executed_lines": [], "summary": {"covered_lines": 0, "num_statements": 7, "percent_covered": 0.0, "percent_covered_display": "0", "missing_lines": 7, "excluded_lines": 0}, "missing_lines": [2224, 2227, 2228, 2229, 2230, 2231, 2233], "excluded_lines": []}, "_generate_assignment_reasoning": {"executed_lines": [2240, 2242, 2243, 2244, 2250, 2253, 2254, 2256, 2259], "summary": {"covered_lines": 9, "num_statements": 14, "percent_covered": 64.28571428571429, "percent_covered_display": "64", "missing_lines": 5, "excluded_lines": 0}, "missing_lines": [2245, 2246, 2248, 2251, 2257], "excluded_lines": []}, "_display_assignment_suggestion": {"executed_lines": [2264, 2265, 2266, 2268, 2272, 2275, 2276, 2277], "summary": {"covered_lines": 8, "num_statements": 8, "percent_covered": 100.0, "percent_covered_display": "100", "missing_lines": 0, "excluded_lines": 0}, "missing_lines": [], "excluded_lines": []}, "_generate_capacity_forecast": {"executed_lines": [2282, 2283, 2285, 2286, 2289, 2290, 2291, 2294, 2296, 2298, 2301, 2307, 2308, 2309, 2312, 2313, 2316, 2317, 2319, 2320, 2322, 2323, 2324, 2326, 2327, 2329, 2330, 2331, 2350, 2351, 2353, 2354, 2355, 2358, 2359, 2361, 2362, 2367, 2368, 2369, 2370, 2372, 2373, 2375, 2378, 2386], "summary": {"covered_lines": 46, "num_statements": 59, "percent_covered": 77.96610169491525, "percent_covered_display": "78", "missing_lines": 13, "excluded_lines": 0}, "missing_lines": [2292, 2293, 2339, 2347, 2379, 2380, 2383, 2387, 2390, 2391, 2392, 2393, 2394], "excluded_lines": []}, "git": {"executed_lines": [], "summary": {"covered_lines": 0, "num_statements": 1, "percent_covered": 0.0, "percent_covered_display": "0", "missing_lines": 1, "excluded_lines": 0}, "missing_lines": [2402], "excluded_lines": []}, "git_setup": {"executed_lines": [], "summary": {"covered_lines": 0, "num_statements": 23, "percent_covered": 0.0, "percent_covered_display": "0", "missing_lines": 23, "excluded_lines": 0}, "missing_lines": [2420, 2423, 2424, 2426, 2427, 2428, 2431, 2432, 2433, 2435, 2437, 2439, 2441, 2443, 2444, 2445, 2446, 2447, 2448, 2449, 2450, 2451, 2453], "excluded_lines": []}, "git_sync": {"executed_lines": [], "summary": {"covered_lines": 0, "num_statements": 26, "percent_covered": 0.0, "percent_covered_display": "0", "missing_lines": 26, "excluded_lines": 0}, "missing_lines": [7680, 7682, 7683, 7686, 7688, 7689, 7690, 7692, 7693, 7694, 7695, 7696, 7698, 7699, 7701, 7703, 7705, 7706, 7710, 7711, 7716, 7720, 7725, 7728, 7733, 7734], "excluded_lines": []}, "git_status": {"executed_lines": [7422, 7424, 7430, 7431, 7433, 7437, 7438, 7441, 7444, 7451, 7452, 7456, 7457, 7467, 7470, 7471, 7488, 7489, 7490, 7494], "summary": {"covered_lines": 20, "num_statements": 46, "percent_covered": 43.47826086956522, "percent_covered_display": "43", "missing_lines": 26, "excluded_lines": 0}, "missing_lines": [7425, 7428, 7434, 7435, 7442, 7445, 7458, 7459, 7460, 7461, 7462, 7472, 7473, 7474, 7475, 7476, 7477, 7482, 7495, 7496, 7497, 7501, 7502, 7503, 7507, 7508], "excluded_lines": []}, "git_create_issue": {"executed_lines": [], "summary": {"covered_lines": 0, "num_statements": 34, "percent_covered": 0.0, "percent_covered_display": "0", "missing_lines": 34, "excluded_lines": 0}, "missing_lines": [2609, 2612, 2613, 2615, 2616, 2617, 2620, 2621, 2623, 2624, 2625, 2626, 2627, 2630, 2631, 2632, 2633, 2636, 2638, 2639, 2641, 2642, 2643, 2644, 2646, 2647, 2649, 2651, 2659, 2662, 2663, 2664, 2666, 2667], "excluded_lines": []}, "git_github_sync": {"executed_lines": [], "summary": {"covered_lines": 0, "num_statements": 50, "percent_covered": 0.0, "percent_covered_display": "0", "missing_lines": 50, "excluded_lines": 0}, "missing_lines": [2693, 2696, 2697, 2699, 2700, 2701, 2702, 2704, 2706, 2707, 2709, 2710, 2711, 2712, 2714, 2717, 2720, 2721, 2722, 2723, 2725, 2726, 2727, 2728, 2729, 2730, 2731, 2732, 2734, 2736, 2737, 2738, 2739, 2741, 2742, 2743, 2745, 2746, 2747, 2748, 2750, 2751, 2753, 2754, 2755, 2758, 2759, 2760, 2761, 2762], "excluded_lines": []}, "git_webhook": {"executed_lines": [], "summary": {"covered_lines": 0, "num_statements": 15, "percent_covered": 0.0, "percent_covered_display": "0", "missing_lines": 15, "excluded_lines": 0}, "missing_lines": [2776, 2779, 2780, 2782, 2783, 2784, 2786, 2787, 2789, 2791, 2792, 2793, 2794, 2795, 2797], "excluded_lines": []}, "git_validate": {"executed_lines": [], "summary": {"covered_lines": 0, "num_statements": 51, "percent_covered": 0.0, "percent_covered_display": "0", "missing_lines": 51, "excluded_lines": 0}, "missing_lines": [2812, 2813, 2816, 2817, 2818, 2820, 2821, 2822, 2825, 2826, 2828, 2829, 2830, 2831, 2832, 2834, 2837, 2839, 2840, 2842, 2845, 2846, 2848, 2849, 2851, 2852, 2855, 2856, 2859, 2861, 2862, 2864, 2865, 2867, 2868, 2869, 2870, 2871, 2872, 2873, 2874, 2875, 2876, 2877, 2879, 2881, 2882, 2884, 2886, 2888, 2889], "excluded_lines": []}, "git_serve_webhook": {"executed_lines": [], "summary": {"covered_lines": 0, "num_statements": 16, "percent_covered": 0.0, "percent_covered_display": "0", "missing_lines": 16, "excluded_lines": 0}, "missing_lines": [2910, 2911, 2913, 2914, 2915, 2917, 2918, 2920, 2922, 2924, 2925, 2926, 2927, 2928, 2929, 2930], "excluded_lines": []}, "issue": {"executed_lines": [2936], "summary": {"covered_lines": 1, "num_statements": 1, "percent_covered": 100.0, "percent_covered_display": "100", "missing_lines": 0, "excluded_lines": 0}, "missing_lines": [], "excluded_lines": []}, "create_issue": {"executed_lines": [2986, 2988, 2989, 2992, 2994, 2996, 2997, 2998, 2999, 3000, 3005, 3006, 3007, 3008, 3009, 3010, 3013, 3024, 3025, 3026, 3027, 3028, 3029, 3030, 3031, 3032, 3033, 3036, 3038, 3042, 3043, 3044, 3045, 3046, 3047, 3048, 3053, 3058, 3059, 3061, 3062, 3063], "summary": {"covered_lines": 42, "num_statements": 47, "percent_covered": 89.36170212765957, "percent_covered_display": "89", "missing_lines": 5, "excluded_lines": 0}, "missing_lines": [3011, 3037, 3039, 3052, 3054], "excluded_lines": []}, "list_issues": {"executed_lines": [3108, 3110, 3111, 3114, 3116, 3118, 3119, 3120, 3123, 3125, 3126, 3127, 3131, 3134, 3135, 3136, 3137, 3138, 3139, 3141, 3143, 3144, 3145, 3147, 3148, 3149, 3152, 3156, 3157, 3158, 3159, 3161, 3162, 3165, 3166, 3169, 3170, 3171, 3173, 3174, 3175, 3177, 3178, 3179, 3181, 3182, 3183, 3186, 3187, 3188, 3191, 3194, 3195, 3196, 3198, 3199, 3200, 3201, 3202, 3203, 3204, 3205, 3206, 3208, 3209, 3216, 3224, 3244, 3247, 3249, 3250, 3256, 3258, 3260, 3262, 3263, 3267, 3269, 3270, 3274, 3275, 3279, 3286, 3287, 3288, 3289, 3290, 3291, 3292, 3294, 3295, 3296, 3297, 3299, 3300, 3303, 3309, 3310, 3314, 3315], "summary": {"covered_lines": 100, "num_statements": 108, "percent_covered": 92.5925925925926, "percent_covered_display": "93", "missing_lines": 8, "excluded_lines": 0}, "missing_lines": [3261, 3265, 3268, 3272, 3280, 3298, 3302, 3307], "excluded_lines": []}, "update_issue": {"executed_lines": [3348, 3350, 3351, 3354, 3356, 3357, 3358, 3359, 3360, 3361, 3362, 3363, 3364, 3366, 3368, 3369, 3372, 3374, 3376, 3377, 3378, 3380, 3388, 3390, 3391, 3396, 3397, 3398, 3399, 3401, 3402, 3403, 3404, 3406, 3407, 3408, 3409, 3410, 3411, 3413, 3415, 3418, 3419], "summary": {"covered_lines": 43, "num_statements": 54, "percent_covered": 79.62962962962963, "percent_covered_display": "80", "missing_lines": 11, "excluded_lines": 0}, "missing_lines": [3370, 3371, 3373, 3381, 3385, 3392, 3393, 3420, 3422, 3423, 3424], "excluded_lines": []}, "finish_issue": {"executed_lines": [3448, 3450, 3451, 3454, 3456, 3458, 3459, 3460, 3461, 3464, 3470, 3489, 3491, 3492, 3493, 3496, 3498, 3499, 3501, 3502, 3504, 3536], "summary": {"covered_lines": 22, "num_statements": 49, "percent_covered": 44.89795918367347, "percent_covered_display": "45", "missing_lines": 27, "excluded_lines": 0}, "missing_lines": [3471, 3472, 3473, 3474, 3475, 3476, 3477, 3478, 3482, 3484, 3486, 3505, 3506, 3512, 3513, 3514, 3515, 3518, 3519, 3520, 3521, 3522, 3527, 3532, 3538, 3540, 3541], "excluded_lines": []}, "done_issue": {"executed_lines": [3554, 3555], "summary": {"covered_lines": 2, "num_statements": 2, "percent_covered": 100.0, "percent_covered_display": "100", "missing_lines": 0, "excluded_lines": 0}, "missing_lines": [], "excluded_lines": []}, "delete_issue": {"executed_lines": [3575, 3577, 3578, 3581, 3584, 3585, 3586, 3587, 3588, 3589, 3590, 3591, 3592, 3593, 3594, 3601, 3602, 3603, 3607], "summary": {"covered_lines": 19, "num_statements": 23, "percent_covered": 82.6086956521739, "percent_covered_display": "83", "missing_lines": 4, "excluded_lines": 0}, "missing_lines": [3598, 3599, 3608, 3609], "excluded_lines": []}, "block_issue": {"executed_lines": [3622, 3624, 3625, 3628, 3630, 3632, 3633, 3634, 3635, 3638, 3644, 3645, 3646, 3647, 3648, 3649, 3650], "summary": {"covered_lines": 17, "num_statements": 20, "percent_covered": 85.0, "percent_covered_display": "85", "missing_lines": 3, "excluded_lines": 0}, "missing_lines": [3655, 3657, 3658], "excluded_lines": []}, "show_dependencies": {"executed_lines": [], "summary": {"covered_lines": 0, "num_statements": 15, "percent_covered": 0.0, "percent_covered_display": "0", "missing_lines": 15, "excluded_lines": 0}, "missing_lines": [3673, 3675, 3676, 3679, 3681, 3682, 3683, 3684, 3685, 3687, 3688, 3689, 3690, 3692, 3693], "excluded_lines": []}, "_display_issue_dependencies": {"executed_lines": [], "summary": {"covered_lines": 0, "num_statements": 35, "percent_covered": 0.0, "percent_covered_display": "0", "missing_lines": 35, "excluded_lines": 0}, "missing_lines": [3698, 3699, 3700, 3701, 3703, 3704, 3705, 3708, 3709, 3710, 3711, 3712, 3713, 3720, 3724, 3726, 3728, 3731, 3732, 3734, 3735, 3736, 3737, 3744, 3749, 3751, 3754, 3755, 3756, 3757, 3758, 3759, 3766, 3771, 3773], "excluded_lines": []}, "_display_all_dependencies": {"executed_lines": [], "summary": {"covered_lines": 0, "num_statements": 41, "percent_covered": 0.0, "percent_covered_display": "0", "missing_lines": 41, "excluded_lines": 0}, "missing_lines": [3778, 3781, 3783, 3784, 3787, 3791, 3793, 3794, 3797, 3799, 3800, 3801, 3802, 3803, 3804, 3805, 3806, 3814, 3815, 3816, 3822, 3828, 3829, 3830, 3838, 3840, 3841, 3842, 3843, 3844, 3845, 3852, 3857, 3859, 3860, 3861, 3862, 3863, 3864, 3871, 3876], "excluded_lines": []}, "_build_dependency_chains": {"executed_lines": [], "summary": {"covered_lines": 0, "num_statements": 12, "percent_covered": 0.0, "percent_covered_display": "0", "missing_lines": 12, "excluded_lines": 0}, "missing_lines": [3884, 3887, 3888, 3889, 3890, 3893, 3894, 3896, 3918, 3919, 3920, 3922], "excluded_lines": []}, "_build_dependency_chains.build_chain": {"executed_lines": [], "summary": {"covered_lines": 0, "num_statements": 13, "percent_covered": 0.0, "percent_covered_display": "0", "missing_lines": 13, "excluded_lines": 0}, "missing_lines": [3897, 3898, 3900, 3901, 3903, 3905, 3906, 3907, 3908, 3911, 3912, 3915, 3916], "excluded_lines": []}, "complete_issue": {"executed_lines": [4003, 4005, 4011, 4013, 4026, 4029, 4030, 4035, 4042, 4043, 4044, 4047, 4050, 4051, 4052, 4053, 4056], "summary": {"covered_lines": 17, "num_statements": 37, "percent_covered": 45.945945945945944, "percent_covered_display": "46", "missing_lines": 20, "excluded_lines": 0}, "missing_lines": [4006, 4009, 4014, 4015, 4016, 4017, 4018, 4019, 4020, 4024, 4031, 4032, 4057, 4058, 4059, 4063, 4064, 4068, 4070, 4071], "excluded_lines": []}, "start_issue": {"executed_lines": [3945, 3947, 3953, 3955, 3968, 3971, 3972, 3977, 3984, 3985, 3986, 3989], "summary": {"covered_lines": 12, "num_statements": 27, "percent_covered": 44.44444444444444, "percent_covered_display": "44", "missing_lines": 15, "excluded_lines": 0}, "missing_lines": [3948, 3951, 3956, 3957, 3958, 3959, 3960, 3961, 3962, 3966, 3973, 3974, 3991, 3993, 3994], "excluded_lines": []}, "update_progress": {"executed_lines": [4080, 4082, 4088, 4094, 4096, 4097, 4102, 4104, 4105, 4106, 4109, 4111, 4118, 4119], "summary": {"covered_lines": 14, "num_statements": 28, "percent_covered": 50.0, "percent_covered_display": "50", "missing_lines": 14, "excluded_lines": 0}, "missing_lines": [4083, 4086, 4089, 4092, 4098, 4099, 4110, 4112, 4113, 4120, 4121, 4125, 4127, 4128], "excluded_lines": []}, "unblock_issue": {"executed_lines": [], "summary": {"covered_lines": 0, "num_statements": 22, "percent_covered": 0.0, "percent_covered_display": "0", "missing_lines": 22, "excluded_lines": 0}, "missing_lines": [4140, 4142, 4143, 4146, 4148, 4150, 4151, 4152, 4153, 4155, 4156, 4160, 4163, 4169, 4170, 4171, 4172, 4173, 4174, 4176, 4178, 4179], "excluded_lines": []}, "move_issue": {"executed_lines": [], "summary": {"covered_lines": 0, "num_statements": 16, "percent_covered": 0.0, "percent_covered_display": "0", "missing_lines": 16, "excluded_lines": 0}, "missing_lines": [4188, 4190, 4191, 4194, 4196, 4198, 4199, 4200, 4201, 4205, 4207, 4208, 4209, 4214, 4218, 4219], "excluded_lines": []}, "milestone": {"executed_lines": [4225], "summary": {"covered_lines": 1, "num_statements": 1, "percent_covered": 100.0, "percent_covered_display": "100", "missing_lines": 0, "excluded_lines": 0}, "missing_lines": [], "excluded_lines": []}, "create_milestone": {"executed_lines": [4235, 4237, 4238, 4241, 4244, 4245, 4257, 4258, 4261, 4262, 4263, 4268, 4269, 4270], "summary": {"covered_lines": 14, "num_statements": 21, "percent_covered": 66.66666666666667, "percent_covered_display": "67", "missing_lines": 7, "excluded_lines": 0}, "missing_lines": [4246, 4247, 4249, 4250, 4251, 4255, 4264], "excluded_lines": []}, "list_milestones": {"executed_lines": [4277, 4279, 4280, 4283, 4285, 4286, 4288, 4289, 4290, 4294, 4296, 4297, 4298, 4299, 4300, 4301, 4302, 4305, 4307, 4308, 4309, 4310, 4313, 4316, 4326, 4335, 4336, 4337], "summary": {"covered_lines": 28, "num_statements": 
[...]
4, 435, 437, 439, 441, 442, 443, 444, 448, 449, 450, 451, 467, 470, 471, 472, 473, 476, 477, 478, 481, 484, 485, 488, 493, 494, 497, 498, 500, 506, 507, 511, 514, 515, 516, 517, 518, 521, 522, 526, 528, 538, 539, 540, 542, 555, 556, 558, 559, 562, 563, 564, 565, 566, 569, 570, 573, 574, 575, 576, 590, 591, 594, 595, 596, 599, 600, 603, 604, 605, 608, 609, 610, 613, 614, 615, 616, 622, 624, 625, 626, 627, 628, 629, 630, 631, 633, 634, 636, 639, 650, 651, 653, 655, 656, 662, 665, 667, 669, 697, 700, 702, 710, 711, 714, 715, 717, 730, 733, 734, 736, 745, 746, 747, 749, 760, 763, 764, 765, 766, 767, 768, 769, 771, 782, 783, 784, 786, 787, 788, 789, 790, 791, 793, 794, 796, 797, 798, 800, 801, 802, 804, 805, 807, 808, 809, 820, 833, 834, 835, 837, 838, 839, 840, 841, 842, 847, 848, 851, 852, 853, 855, 857, 883, 884, 885, 889, 901, 904, 907, 913, 933, 936, 937, 938, 939, 941, 943, 944, 947, 948, 949, 950, 953, 954, 957, 958, 959, 960, 966, 972, 973, 974, 975, 977, 979, 984, 988, 989, 996, 997, 998, 1001, 1004, 1005, 1006, 1008, 1010, 1013, 1014, 1035, 1038, 1039, 1042, 1043, 1049, 1050, 1051, 1054, 1055, 1066, 1072, 1073, 1074, 1075, 1077, 1079, 1084, 1088, 1089, 1092, 1093, 1094, 1097, 1100, 1144, 1147, 1158, 1159, 1187], "summary": {"covered_lines": 289, "num_statements": 433, "percent_covered": 66.74364896073904, "percent_covered_display": "67", "missing_lines": 144, "excluded_lines": 0}, "missing_lines": [254, 256, 281, 282, 289, 313, 325, 327, 328, 329, 330, 338, 339, 341, 342, 344, 345, 346, 348, 353, 354, 355, 356, 364, 373, 374, 375, 377, 378, 379, 380, 381, 384, 385, 386, 388, 389, 390, 391, 393, 395, 420, 456, 457, 463, 465, 486, 512, 523, 548, 549, 581, 582, 620, 663, 670, 671, 674, 678, 679, 680, 681, 686, 687, 693, 695, 723, 724, 731, 755, 756, 761, 811, 812, 816, 817, 818, 844, 845, 849, 859, 862, 863, 864, 867, 872, 874, 877, 880, 909, 910, 911, 934, 962, 963, 964, 1016, 1017, 1020, 1022, 1025, 1026, 1028, 1029, 1045, 1046, 1057, 1058, 1062, 1063, 1064, 1101, 1102, 1104, 1106, 1109, 1110, 1112, 1113, 1116, 1118, 1121, 1122, 1126, 1127, 1132, 1134, 1137, 1140, 1148, 1151, 1152, 1154, 1155, 1161, 1162, 1163, 1167, 1179, 1180, 1181, 1183, 1184, 1185], "excluded_lines": []}, "": {"executed_lines": [1, 3, 4, 5, 6, 7, 9, 10, 11, 12, 13, 16, 17, 19, 20, 21, 22, 25, 26, 28, 44, 81, 82, 84, 90, 131, 158, 184, 218, 219, 221, 236, 261, 293, 297, 332, 358, 397, 417, 430, 509, 551, 658, 726, 758, 773, 822, 915, 968, 1068], "summary": {"covered_lines": 45, "num_statements": 45, "percent_covered": 100.0, "percent_covered_display": "100", "missing_lines": 0, "excluded_lines": 0}, "missing_lines": [], "excluded_lines": []}}}, "roadmap/visualization.py": {"executed_lines": [1, 7, 8, 9, 10, 11, 12, 15, 17, 20, 21, 22, 23, 24, 25, 27, 30, 33, 34, 37, 38, 40, 43, 44, 46, 63, 267, 405, 548, 704, 848, 890, 1013, 1165, 1166, 1168, 1179], "summary": {"covered_lines": 33, "num_statements": 383, "percent_covered": 8.616187989556137, "percent_covered_display": "9", "missing_lines": 350, "excluded_lines": 0}, "missing_lines": [52, 53, 54, 57, 58, 59, 60, 61, 76, 77, 80, 81, 82, 83, 86, 94, 96, 98, 99, 100, 102, 103, 104, 118, 133, 146, 160, 163, 198, 199, 203, 205, 206, 207, 209, 210, 219, 221, 222, 225, 226, 227, 228, 231, 232, 233, 236, 237, 238, 247, 253, 256, 257, 258, 260, 261, 263, 265, 284, 285, 287, 288, 291, 294, 296, 297, 298, 299, 301, 303, 306, 307, 319, 331, 347, 348, 352, 354, 356, 367, 378, 379, 380, 382, 383, 384, 389, 390, 392, 394, 395, 396, 398, 399, 401, 403, 418, 419, 422, 423, 426, 427, 429, 430, 432, 434, 436, 444, 459, 473, 486, 487, 488, 490, 491, 495, 498, 501, 509, 510, 515, 518, 526, 527, 528, 531, 533, 535, 537, 538, 539, 541, 542, 544, 546, 564, 565, 568, 569, 570, 571, 572, 575, 579, 590, 592, 594, 596, 597, 600, 601, 602, 603, 604, 605, 606, 607, 608, 609, 611, 613, 631, 645, 647, 648, 652, 654, 655, 658, 659, 660, 661, 662, 663, 664, 665, 666, 667, 669, 671, 674, 675, 676, 685, 686, 687, 688, 689, 691, 693, 694, 695, 697, 698, 700, 702, 716, 717, 720, 721, 723, 724, 726, 728, 730, 738, 753, 767, 780, 781, 782, 783, 785, 786, 790, 793, 794, 795, 796, 799, 800, 801, 811, 814, 815, 816, 819, 820, 821, 831, 832, 834, 835, 837, 838, 839, 841, 842, 844, 846, 851, 853, 854, 857, 858, 861, 862, 863, 864, 865, 867, 870, 871, 872, 873, 876, 877, 878, 881, 882, 884, 902, 904, 915, 916, 917, 918, 919, 922, 936, 947, 958, 970, 991, 992, 995, 996, 999, 1002, 1003, 1008, 1010, 1011, 1025, 1027, 1044, 1045, 1047, 1072, 1073, 1075, 1100, 1101, 1102, 1103, 1105, 1117, 1118, 1119, 1120, 1121, 1123, 1135, 1149, 1150, 1153, 1154, 1159, 1161, 1162, 1174, 1175, 1176, 1177, 1191, 1192, 1195, 1199, 1203, 1207, 1212, 1213, 1214, 1215, 1216, 1221, 1222, 1227, 1228, 1229, 1231, 1232, 1233, 1234, 1235, 1237, 1238, 1239, 1240, 1243, 1448, 1451, 1453, 1454, 1457, 1458, 1459, 1460, 1461, 1463], "excluded_lines": [], "functions": {"ChartGenerator.__init__": {"executed_lines": [], "summary": {"covered_lines": 0, "num_statements": 8, "percent_covered": 0.0, "percent_covered_display": "0", "missing_lines": 8, "excluded_lines": 0}, "missing_lines": [52, 53, 54, 57, 58, 59, 60, 61], "excluded_lines": []}, "ChartGenerator.generate_status_distribution_chart": {"executed_lines": [], "summary": {"covered_lines": 0, "num_statements": 50, "percent_covered": 0.0, "percent_covered_display": "0", "missing_lines": 50, "excluded_lines": 0}, "missing_lines": [76, 77, 80, 81, 82, 83, 86, 94, 96, 98, 99, 100, 102, 103, 104, 118, 133, 146, 160, 163, 198, 199, 203, 205, 206, 207, 209, 210, 219, 221, 222, 225, 226, 227, 228, 231, 232, 233, 236, 237, 238, 247, 253, 256, 257, 258, 260, 261, 263, 265], "excluded_lines": []}, "ChartGenerator.generate_burndown_chart": {"executed_lines": [], "summary": {"covered_lines": 0, "num_statements": 38, "percent_covered": 0.0, "percent_covered_display": "0", "missing_lines": 38, "excluded_lines": 0}, "missing_lines": [284, 285, 287, 288, 291, 294, 296, 297, 298, 299, 301, 303, 306, 307, 319, 331, 347, 348, 352, 354, 356, 367, 378, 379, 380, 382, 383, 384, 389, 390, 392, 394, 395, 396, 398, 399, 401, 403], "excluded_lines": []}, "ChartGenerator.generate_velocity_chart": {"executed_lines": [], "summary": {"covered_lines": 0, "num_statements": 39, "percent_covered": 0.0, "percent_covered_display": "0", "missing_lines": 39, "excluded_lines": 0}, "missing_lines": [418, 419, 422, 423, 426, 427, 429, 430, 432, 434, 436, 444, 459, 473, 486, 487, 488, 490, 491, 495, 498, 501, 509, 510, 515, 518, 526, 527, 528, 531, 533, 535, 537, 538, 539, 541, 542, 544, 546], "excluded_lines": []}, "ChartGenerator.generate_milestone_progress_chart": {"executed_lines": [], "summary": {"covered_lines": 0, "num_statements": 61, "percent_covered": 0.0, "percent_covered_display": "0", "missing_lines": 61, "excluded_lines": 0}, "missing_lines": [564, 565, 568, 569, 570, 571, 572, 575, 579, 590, 592, 594, 596, 597, 600, 601, 602, 603, 604, 605, 606, 607, 608, 609, 611, 613, 631, 645, 647, 648, 652, 654, 655, 658, 659, 660, 661, 662, 663, 664, 665, 666, 667, 669, 671, 674, 675, 676, 685, 686, 687, 688, 689, 691, 693, 694, 695, 697, 698, 700, 702], "excluded_lines": []}, "ChartGenerator.generate_team_workload_chart": {"executed_lines": [], "summary": {"covered_lines": 0, "num_statements": 44, "percent_covered": 0.0, "percent_covered_display": "0", "missing_lines": 44, "excluded_lines": 0}, "missing_lines": [716, 717, 720, 721, 723, 724, 726, 728, 730, 738, 753, 767, 780, 781, 782, 783, 785, 786, 790, 793, 794, 795, 796, 799, 800, 801, 811, 814, 815, 816, 819, 820, 821, 831, 832, 834, 835, 837, 838, 839, 841, 842, 844, 846], "excluded_lines": []}, "ChartGenerator._calculate_burndown_data": {"executed_lines": [], "summary": {"covered_lines": 0, "num_statements": 21, "percent_covered": 0.0, "percent_covered_display": "0", "missing_lines": 21, "excluded_lines": 0}, "missing_lines": [851, 853, 854, 857, 858, 861, 862, 863, 864, 865, 867, 870, 871, 872, 873, 876, 877, 878, 881, 882, 884], "excluded_lines": []}, "ChartGenerator.generate_milestone_progression_chart": {"executed_lines": [], "summary": {"covered_lines": 0, "num_statements": 22, "percent_covered": 0.0, "percent_covered_display": "0", "missing_lines": 22, "excluded_lines": 0}, "missing_lines": [902, 904, 915, 916, 917, 918, 919, 922, 936, 947, 958, 970, 991, 992, 995, 996, 999, 1002, 1003, 1008, 1010, 1011], "excluded_lines": []}, "ChartGenerator.generate_project_health_dashboard": {"executed_lines": [], "summary": {"covered_lines": 0, "num_statements": 27, "percent_covered": 0.0, "percent_covered_display": "0", "missing_lines": 27, "excluded_lines": 0}, "missing_lines": [1025, 1027, 1044, 1045, 1047, 1072, 1073, 1075, 1100, 1101, 1102, 1103, 1105, 1117, 1118, 1119, 1120, 1121, 1123, 1135, 1149, 1150, 1153, 1154, 1159, 1161, 1162], "excluded_lines": []}, "DashboardGenerator.__init__": {"executed_lines": [], "summary": {"covered_lines": 0, "num_statements": 4, "percent_covered": 0.0, "percent_covered_display": "0", "missing_lines": 4, "excluded_lines": 0}, "missing_lines": [1174, 1175, 1176, 1177], "excluded_lines": []}, "DashboardGenerator.generate_stakeholder_dashboard": {"executed_lines": [], "summary": {"covered_lines": 0, "num_statements": 29, "percent_covered": 0.0, "percent_covered_display": "0", "missing_lines": 29, "excluded_lines": 0}, "missing_lines": [1191, 1192, 1195, 1199, 1203, 1207, 1212, 1213, 1214, 1215, 1216, 1221, 1222, 1227, 1237, 1238, 1239, 1240, 1243, 1448, 1451, 1453, 1454, 1457, 1458, 1459, 1460, 1461, 1463], "excluded_lines": []}, "DashboardGenerator.generate_stakeholder_dashboard.read_chart_content": {"executed_lines": [], "summary": {"covered_lines": 0, "num_statements": 7, "percent_covered": 0.0, "percent_covered_display": "0", "missing_lines": 7, "excluded_lines": 0}, "missing_lines": [1228, 1229, 1231, 1232, 1233, 1234, 1235], "excluded_lines": []}, "": {"executed_lines": [1, 7, 8, 9, 10, 11, 12, 15, 17, 20, 21, 22, 23, 24, 25, 27, 30, 33, 34, 37, 38, 40, 43, 44, 46, 63, 267, 405, 548, 704, 848, 890, 1013, 1165, 1166, 1168, 1179], "summary": {"covered_lines": 33, "num_statements": 33, "percent_covered": 100.0, "percent_covered_display": "100", "missing_lines": 0, "excluded_lines": 0}, "missing_lines": [], "excluded_lines": []}}, "classes": {"VisualizationError": {"executed_lines": [], "summary": {"covered_lines": 0, "num_statements": 0, "percent_covered": 100.0, "percent_covered_display": "100", "missing_lines": 0, "excluded_lines": 0}, "missing_lines": [], "excluded_lines": []}, "ChartGenerator": {"executed_lines": [], "summary": {"covered_lines": 0, "num_statements": 310, "percent_covered": 0.0, "percent_covered_display": "0", "missing_lines": 310, "excluded_lines": 0}, "missing_lines": [52, 53, 54, 57, 58, 59, 60, 61, 76, 77, 80, 81, 82, 83, 86, 94, 96, 98, 99, 100, 102, 103, 104, 118, 133, 146, 160, 163, 198, 199, 203, 205, 206, 207, 209, 210, 219, 221, 222, 225, 226, 227, 228, 231, 232, 233, 236, 237, 238, 247, 253, 256, 257, 258, 260, 261, 263, 265, 284, 285, 287, 288, 291, 294, 296, 297, 298, 299, 301, 303, 306, 307, 319, 331, 347, 348, 352, 354, 356, 367, 378, 379, 380, 382, 383, 384, 389, 390, 392, 394, 395, 396, 398, 399, 401, 403, 418, 419, 422, 423, 426, 427, 429, 430, 432, 434, 436, 444, 459, 473, 486, 487, 488, 490, 491, 495, 498, 501, 509, 510, 515, 518, 526, 527, 528, 531, 533, 535, 537, 538, 539, 541, 542, 544, 546, 564, 565, 568, 569, 570, 571, 572, 575, 579, 590, 592, 594, 596, 597, 600, 601, 602, 603, 604, 605, 606, 607, 608, 609, 611, 613, 631, 645, 647, 648, 652, 654, 655, 658, 659, 660, 661, 662, 663, 664, 665, 666, 667, 669, 671, 674, 675, 676, 685, 686, 687, 688, 689, 691, 693, 694, 695, 697, 698, 700, 702, 716, 717, 720, 721, 723, 724, 726, 728, 730, 738, 753, 767, 780, 781, 782, 783, 785, 786, 790, 793, 794, 795, 796, 799, 800, 801, 811, 814, 815, 816, 819, 820, 821, 831, 832, 834, 835, 837, 838, 839, 841, 842, 844, 846, 851, 853, 854, 857, 858, 861, 862, 863, 864, 865, 867, 870, 871, 872, 873, 876, 877, 878, 881, 882, 884, 902, 904, 915, 916, 917, 918, 919, 922, 936, 947, 958, 970, 991, 992, 995, 996, 999, 1002, 1003, 1008, 1010, 1011, 1025, 1027, 1044, 1045, 1047, 1072, 1073, 1075, 1100, 1101, 1102, 1103, 1105, 1117, 1118, 1119, 1120, 1121, 1123, 1135, 1149, 1150, 1153, 1154, 1159, 1161, 1162], "excluded_lines": []}, "DashboardGenerator": {"executed_lines": [], "summary": {"covered_lines": 0, "num_statements": 40, "percent_covered": 0.0, "percent_covered_display": "0", "missing_lines": 40, "excluded_lines": 0}, "missing_lines": [1174, 1175, 1176, 1177, 1191, 1192, 1195, 1199, 1203, 1207, 1212, 1213, 1214, 1215, 1216, 1221, 1222, 1227, 1228, 1229, 1231, 1232, 1233, 1234, 1235, 1237, 1238, 1239, 1240, 1243, 1448, 1451, 1453, 1454, 1457, 1458, 1459, 1460, 1461, 1463], "excluded_lines": []}, "": {"executed_lines": [1, 7, 8, 9, 10, 11, 12, 15, 17, 20, 21, 22, 23, 24, 25, 27, 30, 33, 34, 37, 38, 40, 43, 44, 46, 63, 267, 405, 548, 704, 848, 890, 1013, 1165, 1166, 1168, 1179], "summary": {"covered_lines": 33, "num_statements": 33, "percent_covered": 100.0, "percent_covered_display": "100", "missing_lines": 0, "excluded_lines": 0}, "missing_lines": [], "excluded_lines": []}}}, "roadmap/webhook_server.py": {"executed_lines": [], "summary": {"covered_lines": 0, "num_statements": 136, "percent_covered": 0.0, "percent_covered_display": "0", "missing_lines": 136, "excluded_lines": 0}, "missing_lines": [3, 4, 5, 6, 7, 8, 9, 10, 12, 13, 15, 16, 19, 22, 29, 30, 31, 32, 35, 36, 38, 40, 43, 44, 45, 48, 50, 52, 54, 56, 57, 58, 60, 65, 67, 68, 69, 73, 75, 77, 108, 110, 112, 119, 121, 123, 125, 126, 127, 130, 133, 134, 135, 136, 139, 140, 141, 142, 143, 146, 151, 154, 161, 163, 164, 165, 167, 169, 170, 172, 174, 180, 182, 184, 186, 187, 188, 189, 191, 192, 193, 194, 195, 197, 198, 200, 201, 204, 206, 207, 208, 210, 212, 214, 216, 217, 222, 223, 224, 227, 229, 231, 233, 234, 235, 237, 238, 242, 245, 247, 249, 250, 253, 256, 257, 259, 260, 261, 263, 264, 266, 269, 270, 273, 274, 277, 278, 279, 281, 285, 286, 288, 290, 291, 293, 296], "excluded_lines": [], "functions": {"GitHubWebhookServer.__init__": {"executed_lines": [], "summary": {"covered_lines": 0, "num_statements": 6, "percent_covered": 0.0, "percent_covered_display": "0", "missing_lines": 6, "excluded_lines": 0}, "missing_lines": [29, 30, 31, 32, 35, 36], "excluded_lines": []}, "GitHubWebhookServer._create_app": {"executed_lines": [], "summary": {"covered_lines": 0, "num_statements": 6, "percent_covered": 0.0, "percent_covered_display": "0", "missing_lines": 6, "excluded_lines": 0}, "missing_lines": [40, 43, 44, 45, 48, 50], "excluded_lines": []}, "GitHubWebhookServer.logging_middleware": {"executed_lines": [], "summary": {"covered_lines": 0, "num_statements": 10, "percent_covered": 0.0, "percent_covered_display": "0", "missing_lines": 10, "excluded_lines": 0}, "missing_lines": [54, 56, 57, 58, 60, 65, 67, 68, 69, 73], "excluded_lines": []}, "GitHubWebhookServer.index": {"executed_lines": [], "summary": {"covered_lines": 0, "num_statements": 2, "percent_covered": 0.0, "percent_covered_display": "0", "missing_lines": 2, "excluded_lines": 0}, "missing_lines": [77, 108], "excluded_lines": []}, "GitHubWebhookServer.health_check": {"executed_lines": [], "summary": {"covered_lines": 0, "num_statements": 2, "percent_covered": 0.0, "percent_covered_display": "0", "missing_lines": 2, "excluded_lines": 0}, "missing_lines": [112, 119], "excluded_lines": []}, "GitHubWebhookServer.handle_github_webhook": {"executed_lines": [], "summary": {"covered_lines": 0, "num_statements": 21, "percent_covered": 0.0, "percent_covered_display": "0", "missing_lines": 21, "excluded_lines": 0}, "missing_lines": [123, 125, 126, 127, 130, 133, 134, 135, 136, 139, 140, 141, 142, 143, 146, 151, 154, 161, 163, 164, 165], "excluded_lines": []}, "GitHubWebhookServer._verify_signature": {"executed_lines": [], "summary": {"covered_lines": 0, "num_statements": 5, "percent_covered": 0.0, "percent_covered_display": "0", "missing_lines": 5, "excluded_lines": 0}, "missing_lines": [169, 170, 172, 174, 180], "excluded_lines": []}, "GitHubWebhookServer._handle_event": {"executed_lines": [], "summary": {"covered_lines": 0, "num_statements": 19, "percent_covered": 0.0, "percent_covered_display": "0", "missing_lines": 19, "excluded_lines": 0}, "missing_lines": [184, 186, 187, 188, 189, 191, 192, 193, 194, 195, 197, 198, 200, 201, 204, 206, 207, 208, 210], "excluded_lines": []}, "GitHubWebhookServer._handle_issues_event": {"executed_lines": [], "summary": {"covered_lines": 0, "num_statements": 7, "percent_covered": 0.0, "percent_covered_display": "0", "missing_lines": 7, "excluded_lines": 0}, "missing_lines": [214, 216, 217, 222, 223, 224, 227], "excluded_lines": []}, "GitHubWebhookServer._handle_issue_comment_event": {"executed_lines": [], "summary": {"covered_lines": 0, "num_statements": 8, "percent_covered": 0.0, "percent_covered_display": "0", "missing_lines": 8, "excluded_lines": 0}, "missing_lines": [231, 233, 234, 235, 237, 238, 242, 245], "excluded_lines": []}, "GitHubWebhookServer.run": {"executed_lines": [], "summary": {"covered_lines": 0, "num_statements": 2, "percent_covered": 0.0, "percent_covered_display": "0", "missing_lines": 2, "excluded_lines": 0}, "missing_lines": [249, 250], "excluded_lines": []}, "WebhookCLI.start_server": {"executed_lines": [], "summary": {"covered_lines": 0, "num_statements": 3, "percent_covered": 0.0, "percent_covered_display": "0", "missing_lines": 3, "excluded_lines": 0}, "missing_lines": [259, 260, 261], "excluded_lines": []}, "WebhookCLI.test_webhook": {"executed_lines": [], "summary": {"covered_lines": 0, "num_statements": 7, "percent_covered": 0.0, "percent_covered_display": "0", "missing_lines": 7, "excluded_lines": 0}, "missing_lines": [266, 269, 270, 273, 274, 277, 281], "excluded_lines": []}, "WebhookCLI.test_webhook.test": {"executed_lines": [], "summary": {"covered_lines": 0, "num_statements": 2, "percent_covered": 0.0, "percent_covered_display": "0", "missing_lines": 2, "excluded_lines": 0}, "missing_lines": [278, 279], "excluded_lines": []}, "": {"executed_lines": [], "summary": {"covered_lines": 0, "num_statements": 36, "percent_covered": 0.0, "percent_covered_display": "0", "missing_lines": 36, "excluded_lines": 0}, "missing_lines": [3, 4, 5, 6, 7, 8, 9, 10, 12, 13, 15, 16, 19, 22, 38, 52, 75, 110, 121, 167, 182, 212, 229, 247, 253, 256, 257, 263, 264, 285, 286, 288, 290, 291, 293, 296], "excluded_lines": []}}, "classes": {"GitHubWebhookServer": {"executed_lines": [], "summary": {"covered_lines": 0, "num_statements": 88, "percent_covered": 0.0, "percent_covered_display": "0", "missing_lines": 88, "excluded_lines": 0}, "missing_lines": [29, 30, 31, 32, 35, 36, 40, 43, 44, 45, 48, 50, 54, 56, 57, 58, 60, 65, 67, 68, 69, 73, 77, 108, 112, 119, 123, 125, 126, 127, 130, 133, 134, 135, 136, 139, 140, 141, 142, 143, 146, 151, 154, 161, 163, 164, 165, 169, 170, 172, 174, 180, 184, 186, 187, 188, 189, 191, 192, 193, 194, 195, 197, 198, 200, 201, 204, 206, 207, 208, 210, 214, 216, 217, 222, 223, 224, 227, 231, 233, 234, 235, 237, 238, 242, 245, 249, 250], "excluded_lines": []}, "WebhookCLI": {"executed_lines": [], "summary": {"covered_lines": 0, "num_statements": 12, "percent_covered": 0.0, "percent_covered_display": "0", "missing_lines": 12, "excluded_lines": 0}, "missing_lines": [259, 260, 261, 266, 269, 270, 273, 274, 277, 278, 279, 281], "excluded_lines": []}, "": {"executed_lines": [], "summary": {"covered_lines": 0, "num_statements": 36, "percent_covered": 0.0, "percent_covered_display": "0", "missing_lines": 36, "excluded_lines": 0}, "missing_lines": [3, 4, 5, 6, 7, 8, 9, 10, 12, 13, 15, 16, 19, 22, 38, 52, 75, 110, 121, 167, 182, 212, 229, 247, 253, 256, 257, 263, 264, 285, 286, 288, 290, 291, 293, 296], "excluded_lines": []}}}}, "totals": {"covered_lines": 5651, "num_statements": 10751, "percent_covered": 52.56255232071435, "percent_covered_display": "53", "missing_lines": 5100, "excluded_lines": 0}}